Execution error (FileNotFoundException) at resolver-sim.protocols.registry/resolve-var-value (registry.clj:19).
Could not locate resolver_sim/protocols/sew__init.class, resolver_sim/protocols/sew.clj or resolver_sim/protocols/sew.cljc on classpath. Please check that namespaces with dashes use underscores in the Clojure file name.

Full report at:
/tmp/clojure-5028672693316261125.edn
{:ts "2026-07-03T12:31:01.992904627Z", :level :info, :message "grpc/listening", :context {:port 50051}}
[grpc] SimulationEngine listening on port 50051
#object[io.grpc.internal.ServerImpl 0xa588739 "ServerImpl{logId=2, transportServer=NettyServer{logId=1, addresses=[0.0.0.0/0.0.0.0:50051]}}"]
{:ts "2026-07-03T12:32:05.432282514Z", :level :info, :message "grpc/listening", :context {:port 50051}}
[grpc] SimulationEngine listening on port 50051
#object[io.grpc.internal.ServerImpl 0x296023de "ServerImpl{logId=2, transportServer=NettyServer{logId=1, addresses=[0.0.0.0/0.0.0.0:50051]}}"]
{:ts "2026-07-03T12:36:18.885512598Z", :level :warn, :message "capture-event-evidence! called without :ctx/run-id in attribution — evidence will be orphaned", :context {:resolved-attr {:ctx/run-id nil, :ctx/event-index 0, :ctx/event-type "create_escrow", :subject/type :escrow, :subject/id 0, :action/type :escrow/create, :evidence/reason :escrow-created}}}
Captured event evidence: escrow-created hash: 044862d4cc03706c0d70ef06703eb4434d1335d59ab895008c3f3dd2cbaa41bf
{:ts "2026-07-03T12:36:18.962456731Z", :level :warn, :message "capture-event-evidence! called without :ctx/run-id in attribution — evidence will be orphaned", :context {:resolved-attr {:ctx/run-id nil, :ctx/event-index 1, :ctx/event-type "create_escrow", :subject/type :escrow, :subject/id 1, :action/type :escrow/create, :evidence/reason :escrow-created}}}
Captured event evidence: escrow-created hash: 024348133e6803a0c0761e3b68c99ee5fa2640aabf9e99dd34124f46529f04b0
{:ts "2026-07-03T12:36:19.016699391Z", :level :warn, :message "capture-event-evidence! called without :ctx/run-id in attribution — evidence will be orphaned", :context {:resolved-attr {:ctx/run-id nil, :ctx/event-index 2, :ctx/event-type "create_escrow", :subject/type :escrow, :subject/id 2, :action/type :escrow/create, :evidence/reason :escrow-created}}}
Captured event evidence: escrow-created hash: 6fe0b8edf735d2baa1a04e86f4408bc00e2b292c267625b0a5b55aef313bbeee
{:ts "2026-07-03T12:36:19.094528816Z", :level :warn, :message "capture-event-evidence! called without :ctx/run-id in attribution — evidence will be orphaned", :context {:resolved-attr {:ctx/run-id nil, :ctx/event-index 3, :ctx/event-type "create_escrow", :subject/type :escrow, :subject/id 3, :action/type :escrow/create, :evidence/reason :escrow-created}}}
Captured event evidence: escrow-created hash: 55eb24800ae16e5bd08042fb3825d45a4545d3124c46e138d004626ea3c7f7c8
{:ts "2026-07-03T12:36:19.164090450Z", :level :warn, :message "capture-event-evidence! called without :ctx/run-id in attribution — evidence will be orphaned", :context {:resolved-attr {:ctx/run-id nil, :ctx/event-index 4, :ctx/event-type "create_escrow", :subject/type :escrow, :subject/id 4, :action/type :escrow/create, :evidence/reason :escrow-created}}}
Captured event evidence: escrow-created hash: 709078fd27c298d15ae6864c1f2aed3871fd143ecece8179311bd626b9c831e9
{:ts "2026-07-03T12:36:19.261199340Z", :level :warn, :message "capture-event-evidence! called without :ctx/run-id in attribution — evidence will be orphaned", :context {:resolved-attr {:ctx/run-id nil, :ctx/event-index 5, :ctx/event-type "create_escrow", :subject/type :escrow, :subject/id 5, :action/type :escrow/create, :evidence/reason :escrow-created}}}
Captured event evidence: escrow-created hash: 56b683fe4348c4f91bde8a05fc687a0e39456412e2b20242972498757690d983
{:ts "2026-07-03T12:36:19.383085553Z", :level :warn, :message "capture-event-evidence! called without :ctx/run-id in attribution — evidence will be orphaned", :context {:resolved-attr {:ctx/run-id nil, :ctx/event-index 6, :ctx/event-type "raise_dispute", :subject/type :dispute, :subject/id 0, :action/type :dispute/raise, :evidence/reason :dispute-raised}}}
Captured event evidence: dispute-raised hash: e9177e94e78f241cb70b30f01a1322d7a7ba4099416e9f73df3c5def88831c6e
{:ts "2026-07-03T12:36:19.476569555Z", :level :debug, :message "guard/rejected", :context {:caller "0xresolver", :dispute-level 0, :workflow-id 0, :error :not-authorized-resolver, :ctx/scenario-id nil, :ctx/run-id nil, :ctx/event-index 7, :ctx/event-type "execute_resolution"}}
{:ts "2026-07-03T12:36:19.477447285Z", :level :warn, :message "capture-event-evidence! called without :ctx/run-id in attribution — evidence will be orphaned", :context {:resolved-attr {:world-before nil, :world-after nil}}}
Captured event evidence: guard-rejected hash: a37a368214038cb2d905c2e8e6332d21fd45b84ce6ebd58565886754843bb284
{:ts "2026-07-03T12:36:19.501745382Z", :level :warn, :message "capture-event-evidence! called without :ctx/run-id in attribution — evidence will be orphaned", :context {:resolved-attr {:ctx/run-id nil, :ctx/event-index 8, :ctx/event-type "raise_dispute", :subject/type :dispute, :subject/id 1, :action/type :dispute/raise, :evidence/reason :dispute-raised}}}
Captured event evidence: dispute-raised hash: ce00331d2b00b4c654eba6305ff9c2765cc8a3b9547e476502e2cdc476cfea02
{:ts "2026-07-03T12:36:19.579349517Z", :level :debug, :message "guard/rejected", :context {:caller "0xresolver", :dispute-level 0, :workflow-id 0, :error :not-authorized-resolver, :ctx/scenario-id nil, :ctx/run-id nil, :ctx/event-index 9, :ctx/event-type "execute_resolution"}}
{:ts "2026-07-03T12:36:19.580228188Z", :level :warn, :message "capture-event-evidence! called without :ctx/run-id in attribution — evidence will be orphaned", :context {:resolved-attr {:world-before nil, :world-after nil}}}
Captured event evidence: guard-rejected hash: a37a368214038cb2d905c2e8e6332d21fd45b84ce6ebd58565886754843bb284
{:ts "2026-07-03T12:36:19.603927590Z", :level :warn, :message "capture-event-evidence! called without :ctx/run-id in attribution — evidence will be orphaned", :context {:resolved-attr {:ctx/run-id nil, :ctx/event-index 10, :ctx/event-type "raise_dispute", :subject/type :dispute, :subject/id 2, :action/type :dispute/raise, :evidence/reason :dispute-raised}}}
Captured event evidence: dispute-raised hash: 0c5fb6c026aa709c4ff85f61501046c2349340fe77f052eaaf844ede3861468b
{:ts "2026-07-03T12:36:19.722357058Z", :level :debug, :message "guard/rejected", :context {:caller "0xresolver", :dispute-level 0, :workflow-id 0, :error :not-authorized-resolver, :ctx/scenario-id nil, :ctx/run-id nil, :ctx/event-index 11, :ctx/event-type "execute_resolution"}}
{:ts "2026-07-03T12:36:19.724687327Z", :level :warn, :message "capture-event-evidence! called without :ctx/run-id in attribution — evidence will be orphaned", :context {:resolved-attr {:world-before nil, :world-after nil}}}
Captured event evidence: guard-rejected hash: a37a368214038cb2d905c2e8e6332d21fd45b84ce6ebd58565886754843bb284
{:ts "2026-07-03T12:36:19.761652985Z", :level :warn, :message "capture-event-evidence! called without :ctx/run-id in attribution — evidence will be orphaned", :context {:resolved-attr {:ctx/run-id nil, :ctx/event-index 12, :ctx/event-type "raise_dispute", :subject/type :dispute, :subject/id 3, :action/type :dispute/raise, :evidence/reason :dispute-raised}}}
Captured event evidence: dispute-raised hash: 7eb18ad2429e9af2edb6ee269ba219142f5e5957507923019e8ba7b8db11c3a5
{:ts "2026-07-03T12:36:19.857689823Z", :level :debug, :message "guard/rejected", :context {:caller "0xresolver", :dispute-level 0, :workflow-id 0, :error :not-authorized-resolver, :ctx/scenario-id nil, :ctx/run-id nil, :ctx/event-index 13, :ctx/event-type "execute_resolution"}}
{:ts "2026-07-03T12:36:19.858823993Z", :level :warn, :message "capture-event-evidence! called without :ctx/run-id in attribution — evidence will be orphaned", :context {:resolved-attr {:world-before nil, :world-after nil}}}
Captured event evidence: guard-rejected hash: a37a368214038cb2d905c2e8e6332d21fd45b84ce6ebd58565886754843bb284
{:ts "2026-07-03T12:36:19.888770629Z", :level :warn, :message "capture-event-evidence! called without :ctx/run-id in attribution — evidence will be orphaned", :context {:resolved-attr {:ctx/run-id nil, :ctx/event-index 14, :ctx/event-type "raise_dispute", :subject/type :dispute, :subject/id 4, :action/type :dispute/raise, :evidence/reason :dispute-raised}}}
Captured event evidence: dispute-raised hash: 11436c83e9694ec18894bcfdaedd16d4219526fa115c6f4db5168a401d9398c4
{:ts "2026-07-03T12:36:19.976873214Z", :level :debug, :message "guard/rejected", :context {:caller "0xresolver", :dispute-level 0, :workflow-id 0, :error :not-authorized-resolver, :ctx/scenario-id nil, :ctx/run-id nil, :ctx/event-index 15, :ctx/event-type "execute_resolution"}}
{:ts "2026-07-03T12:36:19.978062039Z", :level :warn, :message "capture-event-evidence! called without :ctx/run-id in attribution — evidence will be orphaned", :context {:resolved-attr {:world-before nil, :world-after nil}}}
Captured event evidence: guard-rejected hash: a37a368214038cb2d905c2e8e6332d21fd45b84ce6ebd58565886754843bb284
{:ts "2026-07-03T12:36:20.007424878Z", :level :warn, :message "capture-event-evidence! called without :ctx/run-id in attribution — evidence will be orphaned", :context {:resolved-attr {:ctx/run-id nil, :ctx/event-index 16, :ctx/event-type "raise_dispute", :subject/type :dispute, :subject/id 5, :action/type :dispute/raise, :evidence/reason :dispute-raised}}}
Captured event evidence: dispute-raised hash: 73dff5ab66892b1dfcbf81f12f5d388236806253345d3879f38528da25185fac
{:ts "2026-07-03T12:36:20.080246910Z", :level :debug, :message "guard/rejected", :context {:caller "0xresolver", :dispute-level 0, :workflow-id 0, :error :not-authorized-resolver, :ctx/scenario-id nil, :ctx/run-id nil, :ctx/event-index 17, :ctx/event-type "execute_resolution"}}
{:ts "2026-07-03T12:36:20.081212108Z", :level :warn, :message "capture-event-evidence! called without :ctx/run-id in attribution — evidence will be orphaned", :context {:resolved-attr {:world-before nil, :world-after nil}}}
Captured event evidence: guard-rejected hash: a37a368214038cb2d905c2e8e6332d21fd45b84ce6ebd58565886754843bb284
{:ts "2026-07-03T12:36:20.109342879Z", :level :debug, :message "guard/rejected", :context {:caller "0xresolver", :dispute-level 0, :workflow-id 0, :error :not-authorized-resolver, :ctx/scenario-id nil, :ctx/run-id nil, :ctx/event-index 18, :ctx/event-type "execute_resolution"}}
{:ts "2026-07-03T12:36:20.110830686Z", :level :warn, :message "capture-event-evidence! called without :ctx/run-id in attribution — evidence will be orphaned", :context {:resolved-attr {:world-before nil, :world-after nil}}}
Captured event evidence: guard-rejected hash: a37a368214038cb2d905c2e8e6332d21fd45b84ce6ebd58565886754843bb284
{:ts "2026-07-03T12:36:20.134397022Z", :level :debug, :message "guard/rejected", :context {:caller "0xresolver", :dispute-level 0, :workflow-id 0, :error :not-authorized-resolver, :ctx/scenario-id nil, :ctx/run-id nil, :ctx/event-index 19, :ctx/event-type "execute_resolution"}}
{:ts "2026-07-03T12:36:20.135059059Z", :level :warn, :message "capture-event-evidence! called without :ctx/run-id in attribution — evidence will be orphaned", :context {:resolved-attr {:world-before nil, :world-after nil}}}
Captured event evidence: guard-rejected hash: a37a368214038cb2d905c2e8e6332d21fd45b84ce6ebd58565886754843bb284
{:ts "2026-07-03T12:36:20.158135338Z", :level :debug, :message "guard/rejected", :context {:caller "0xresolver", :dispute-level 0, :workflow-id 0, :error :not-authorized-resolver, :ctx/scenario-id nil, :ctx/run-id nil, :ctx/event-index 20, :ctx/event-type "execute_resolution"}}
{:ts "2026-07-03T12:36:20.158861468Z", :level :warn, :message "capture-event-evidence! called without :ctx/run-id in attribution — evidence will be orphaned", :context {:resolved-attr {:world-before nil, :world-after nil}}}
Captured event evidence: guard-rejected hash: a37a368214038cb2d905c2e8e6332d21fd45b84ce6ebd58565886754843bb284
{:ts "2026-07-03T12:36:20.182091641Z", :level :debug, :message "guard/rejected", :context {:caller "0xresolver", :dispute-level 0, :workflow-id 0, :error :not-authorized-resolver, :ctx/scenario-id nil, :ctx/run-id nil, :ctx/event-index 21, :ctx/event-type "execute_resolution"}}
{:ts "2026-07-03T12:36:20.182855483Z", :level :warn, :message "capture-event-evidence! called without :ctx/run-id in attribution — evidence will be orphaned", :context {:resolved-attr {:world-before nil, :world-after nil}}}
Captured event evidence: guard-rejected hash: a37a368214038cb2d905c2e8e6332d21fd45b84ce6ebd58565886754843bb284
{:ts "2026-07-03T12:36:20.209965621Z", :level :debug, :message "guard/rejected", :context {:caller "0xresolver", :dispute-level 0, :workflow-id 0, :error :not-authorized-resolver, :ctx/scenario-id nil, :ctx/run-id nil, :ctx/event-index 22, :ctx/event-type "execute_resolution"}}
{:ts "2026-07-03T12:36:20.211681204Z", :level :warn, :message "capture-event-evidence! called without :ctx/run-id in attribution — evidence will be orphaned", :context {:resolved-attr {:world-before nil, :world-after nil}}}
Captured event evidence: guard-rejected hash: a37a368214038cb2d905c2e8e6332d21fd45b84ce6ebd58565886754843bb284
{:ts "2026-07-03T12:36:20.242480561Z", :level :debug, :message "guard/rejected", :context {:caller "0xresolver", :dispute-level 0, :workflow-id 0, :error :not-authorized-resolver, :ctx/scenario-id nil, :ctx/run-id nil, :ctx/event-index 23, :ctx/event-type "execute_resolution"}}
{:ts "2026-07-03T12:36:20.243305871Z", :level :warn, :message "capture-event-evidence! called without :ctx/run-id in attribution — evidence will be orphaned", :context {:resolved-attr {:world-before nil, :world-after nil}}}
Captured event evidence: guard-rejected hash: a37a368214038cb2d905c2e8e6332d21fd45b84ce6ebd58565886754843bb284
{:ts "2026-07-03T12:36:20.276061221Z", :level :debug, :message "guard/rejected", :context {:caller "0xresolver", :dispute-level 0, :workflow-id 0, :error :not-authorized-resolver, :ctx/scenario-id nil, :ctx/run-id nil, :ctx/event-index 24, :ctx/event-type "execute_resolution"}}
{:ts "2026-07-03T12:36:20.276751342Z", :level :warn, :message "capture-event-evidence! called without :ctx/run-id in attribution — evidence will be orphaned", :context {:resolved-attr {:world-before nil, :world-after nil}}}
Captured event evidence: guard-rejected hash: a37a368214038cb2d905c2e8e6332d21fd45b84ce6ebd58565886754843bb284
{:ts "2026-07-03T12:36:20.305058701Z", :level :debug, :message "guard/rejected", :context {:caller "0xresolver", :dispute-level 0, :workflow-id 0, :error :not-authorized-resolver, :ctx/scenario-id nil, :ctx/run-id nil, :ctx/event-index 25, :ctx/event-type "execute_resolution"}}
{:ts "2026-07-03T12:36:20.305736438Z", :level :warn, :message "capture-event-evidence! called without :ctx/run-id in attribution — evidence will be orphaned", :context {:resolved-attr {:world-before nil, :world-after nil}}}
Captured event evidence: guard-rejected hash: a37a368214038cb2d905c2e8e6332d21fd45b84ce6ebd58565886754843bb284
{:ts "2026-07-03T12:36:20.399269082Z", :level :warn, :message "capture-event-evidence! called without :ctx/run-id in attribution — evidence will be orphaned", :context {:resolved-attr {:ctx/run-id nil, :ctx/event-index 0, :ctx/event-type "create_escrow", :subject/type :escrow, :subject/id 0, :action/type :escrow/create, :evidence/reason :escrow-created}}}
Captured event evidence: escrow-created hash: d37664504aab77bb0572d34d1e0e59dfaf1b71b0bc889a6c99e73c70325599ee
{:ts "2026-07-03T12:36:20.435540401Z", :level :warn, :message "capture-event-evidence! called without :ctx/run-id in attribution — evidence will be orphaned", :context {:resolved-attr {:ctx/run-id nil, :ctx/event-index 1, :ctx/event-type "raise_dispute", :subject/type :dispute, :subject/id 0, :action/type :dispute/raise, :evidence/reason :dispute-raised}}}
Captured event evidence: dispute-raised hash: bd7b0974751fe316fb762bf2910889bd1c708977f541af9ac5b908d80dbfca78
{:ts "2026-07-03T12:36:20.477554720Z", :level :debug, :message "Submitting resolution", :context {:caller "0xl0", :workflow-id 0}}
{:ts "2026-07-03T12:36:20.509307432Z", :level :debug, :message "guard/rejected", :context {:caller "0xracer", :workflow-id 0, :error :not-participant, :ctx/scenario-id nil, :ctx/run-id nil, :ctx/event-index 3, :ctx/event-type "escalate_dispute"}}
{:ts "2026-07-03T12:36:20.509980460Z", :level :warn, :message "capture-event-evidence! called without :ctx/run-id in attribution — evidence will be orphaned", :context {:resolved-attr {:world-before nil, :world-after nil}}}
Captured event evidence: guard-rejected hash: a10d6f16b48ff23cf925bc5abd1a0f7d622ea7abc060a8d940476b1e3b664caf
{:ts "2026-07-03T12:36:20.549914298Z", :level :warn, :message "capture-event-evidence! called without :ctx/run-id in attribution — evidence will be orphaned", :context {:resolved-attr {:ctx/run-id nil, :ctx/event-index 0, :ctx/event-type "create_escrow", :subject/type :escrow, :subject/id 0, :action/type :escrow/create, :evidence/reason :escrow-created}}}
Captured event evidence: escrow-created hash: d37664504aab77bb0572d34d1e0e59dfaf1b71b0bc889a6c99e73c70325599ee
{:ts "2026-07-03T12:36:20.579435139Z", :level :warn, :message "capture-event-evidence! called without :ctx/run-id in attribution — evidence will be orphaned", :context {:resolved-attr {:ctx/run-id nil, :ctx/event-index 1, :ctx/event-type "raise_dispute", :subject/type :dispute, :subject/id 0, :action/type :dispute/raise, :evidence/reason :dispute-raised}}}
Captured event evidence: dispute-raised hash: bd7b0974751fe316fb762bf2910889bd1c708977f541af9ac5b908d80dbfca78
{:ts "2026-07-03T12:36:20.604188046Z", :level :debug, :message "Submitting resolution", :context {:caller "0xl0", :workflow-id 0}}
{:ts "2026-07-03T12:36:20.627049664Z", :level :debug, :message "guard/rejected", :context {:caller "0xl1", :dispute-level 0, :workflow-id 0, :error :not-authorized-resolver, :ctx/scenario-id nil, :ctx/run-id nil, :ctx/event-index 3, :ctx/event-type "execute_resolution"}}
{:ts "2026-07-03T12:36:20.627595208Z", :level :warn, :message "capture-event-evidence! called without :ctx/run-id in attribution — evidence will be orphaned", :context {:resolved-attr {:world-before nil, :world-after nil}}}
Captured event evidence: guard-rejected hash: 8d72e5759c5235ea1bc0d99a974fceecd8b481da041cbdd5898a28386f4a6807
{:ts "2026-07-03T12:36:20.643030555Z", :level :debug, :message "guard/rejected", :context {:caller "0xl2", :dispute-level 0, :workflow-id 0, :error :not-authorized-resolver, :ctx/scenario-id nil, :ctx/run-id nil, :ctx/event-index 4, :ctx/event-type "execute_resolution"}}
{:ts "2026-07-03T12:36:20.643665731Z", :level :warn, :message "capture-event-evidence! called without :ctx/run-id in attribution — evidence will be orphaned", :context {:resolved-attr {:world-before nil, :world-after nil}}}
Captured event evidence: guard-rejected hash: 1670e5f1a6dfea7810d2c5b65a253c6bb50438c974d3d7e748196f72680d2877
{:ts "2026-07-03T12:36:20.659944792Z", :level :debug, :message "guard/rejected", :context {:caller "0xloopattacker", :workflow-id 0, :error :not-participant, :ctx/scenario-id nil, :ctx/run-id nil, :ctx/event-index 5, :ctx/event-type "escalate_dispute"}}
{:ts "2026-07-03T12:36:20.660485838Z", :level :warn, :message "capture-event-evidence! called without :ctx/run-id in attribution — evidence will be orphaned", :context {:resolved-attr {:world-before nil, :world-after nil}}}
Captured event evidence: guard-rejected hash: 21916465a64ec80e46703ecd38fb10bc945aeb64bca9f244f4145bf56f11fc70
{:ts "2026-07-03T12:36:20.679224125Z", :level :debug, :message "guard/rejected", :context {:caller "0xl1", :dispute-level 0, :workflow-id 0, :error :not-authorized-resolver, :ctx/scenario-id nil, :ctx/run-id nil, :ctx/event-index 6, :ctx/event-type "execute_resolution"}}
{:ts "2026-07-03T12:36:20.679764359Z", :level :warn, :message "capture-event-evidence! called without :ctx/run-id in attribution — evidence will be orphaned", :context {:resolved-attr {:world-before nil, :world-after nil}}}
Captured event evidence: guard-rejected hash: 8d72e5759c5235ea1bc0d99a974fceecd8b481da041cbdd5898a28386f4a6807
{:ts "2026-07-03T12:36:20.704440419Z", :level :debug, :message "guard/rejected", :context {:caller "0xl2", :dispute-level 0, :workflow-id 0, :error :not-authorized-resolver, :ctx/scenario-id nil, :ctx/run-id nil, :ctx/event-index 7, :ctx/event-type "execute_resolution"}}
{:ts "2026-07-03T12:36:20.704976024Z", :level :warn, :message "capture-event-evidence! called without :ctx/run-id in attribution — evidence will be orphaned", :context {:resolved-attr {:world-before nil, :world-after nil}}}
Captured event evidence: guard-rejected hash: 1670e5f1a6dfea7810d2c5b65a253c6bb50438c974d3d7e748196f72680d2877
{:ts "2026-07-03T12:36:20.722557057Z", :level :debug, :message "guard/rejected", :context {:caller "0xloopattacker", :workflow-id 0, :error :not-participant, :ctx/scenario-id nil, :ctx/run-id nil, :ctx/event-index 8, :ctx/event-type "escalate_dispute"}}
{:ts "2026-07-03T12:36:20.723076491Z", :level :warn, :message "capture-event-evidence! called without :ctx/run-id in attribution — evidence will be orphaned", :context {:resolved-attr {:world-before nil, :world-after nil}}}
Captured event evidence: guard-rejected hash: 21916465a64ec80e46703ecd38fb10bc945aeb64bca9f244f4145bf56f11fc70
{:ts "2026-07-03T12:36:20.739238519Z", :level :debug, :message "guard/rejected", :context {:caller "0xl1", :dispute-level 0, :workflow-id 0, :error :not-authorized-resolver, :ctx/scenario-id nil, :ctx/run-id nil, :ctx/event-index 9, :ctx/event-type "execute_resolution"}}
{:ts "2026-07-03T12:36:20.739656759Z", :level :warn, :message "capture-event-evidence! called without :ctx/run-id in attribution — evidence will be orphaned", :context {:resolved-attr {:world-before nil, :world-after nil}}}
Captured event evidence: guard-rejected hash: 8d72e5759c5235ea1bc0d99a974fceecd8b481da041cbdd5898a28386f4a6807
{:ts "2026-07-03T12:36:20.754172026Z", :level :debug, :message "guard/rejected", :context {:caller "0xl2", :dispute-level 0, :workflow-id 0, :error :not-authorized-resolver, :ctx/scenario-id nil, :ctx/run-id nil, :ctx/event-index 10, :ctx/event-type "execute_resolution"}}
{:ts "2026-07-03T12:36:20.754539539Z", :level :warn, :message "capture-event-evidence! called without :ctx/run-id in attribution — evidence will be orphaned", :context {:resolved-attr {:world-before nil, :world-after nil}}}
Captured event evidence: guard-rejected hash: 1670e5f1a6dfea7810d2c5b65a253c6bb50438c974d3d7e748196f72680d2877
{:ts "2026-07-03T12:36:20.767559574Z", :level :debug, :message "guard/rejected", :context {:caller "0xloopattacker", :workflow-id 0, :error :not-participant, :ctx/scenario-id nil, :ctx/run-id nil, :ctx/event-index 11, :ctx/event-type "escalate_dispute"}}
{:ts "2026-07-03T12:36:20.767868315Z", :level :warn, :message "capture-event-evidence! called without :ctx/run-id in attribution — evidence will be orphaned", :context {:resolved-attr {:world-before nil, :world-after nil}}}
Captured event evidence: guard-rejected hash: 21916465a64ec80e46703ecd38fb10bc945aeb64bca9f244f4145bf56f11fc70
{:ts "2026-07-03T12:36:20.780365790Z", :level :debug, :message "guard/rejected", :context {:caller "0xl1", :dispute-level 0, :workflow-id 0, :error :not-authorized-resolver, :ctx/scenario-id nil, :ctx/run-id nil, :ctx/event-index 12, :ctx/event-type "execute_resolution"}}
{:ts "2026-07-03T12:36:20.780807956Z", :level :warn, :message "capture-event-evidence! called without :ctx/run-id in attribution — evidence will be orphaned", :context {:resolved-attr {:world-before nil, :world-after nil}}}
Captured event evidence: guard-rejected hash: 8d72e5759c5235ea1bc0d99a974fceecd8b481da041cbdd5898a28386f4a6807
{:ts "2026-07-03T12:36:20.792431469Z", :level :debug, :message "guard/rejected", :context {:caller "0xl2", :dispute-level 0, :workflow-id 0, :error :not-authorized-resolver, :ctx/scenario-id nil, :ctx/run-id nil, :ctx/event-index 13, :ctx/event-type "execute_resolution"}}
{:ts "2026-07-03T12:36:20.792715362Z", :level :warn, :message "capture-event-evidence! called without :ctx/run-id in attribution — evidence will be orphaned", :context {:resolved-attr {:world-before nil, :world-after nil}}}
Captured event evidence: guard-rejected hash: 1670e5f1a6dfea7810d2c5b65a253c6bb50438c974d3d7e748196f72680d2877
{:ts "2026-07-03T12:36:20.804375846Z", :level :debug, :message "guard/rejected", :context {:caller "0xloopattacker", :workflow-id 0, :error :not-participant, :ctx/scenario-id nil, :ctx/run-id nil, :ctx/event-index 14, :ctx/event-type "escalate_dispute"}}
{:ts "2026-07-03T12:36:20.804656273Z", :level :warn, :message "capture-event-evidence! called without :ctx/run-id in attribution — evidence will be orphaned", :context {:resolved-attr {:world-before nil, :world-after nil}}}
Captured event evidence: guard-rejected hash: 21916465a64ec80e46703ecd38fb10bc945aeb64bca9f244f4145bf56f11fc70
{:ts "2026-07-03T12:36:20.816476752Z", :level :debug, :message "guard/rejected", :context {:caller "0xl1", :dispute-level 0, :workflow-id 0, :error :not-authorized-resolver, :ctx/scenario-id nil, :ctx/run-id nil, :ctx/event-index 15, :ctx/event-type "execute_resolution"}}
{:ts "2026-07-03T12:36:20.816903539Z", :level :warn, :message "capture-event-evidence! called without :ctx/run-id in attribution — evidence will be orphaned", :context {:resolved-attr {:world-before nil, :world-after nil}}}
Captured event evidence: guard-rejected hash: 8d72e5759c5235ea1bc0d99a974fceecd8b481da041cbdd5898a28386f4a6807
{:ts "2026-07-03T12:36:20.829689977Z", :level :debug, :message "guard/rejected", :context {:caller "0xl2", :dispute-level 0, :workflow-id 0, :error :not-authorized-resolver, :ctx/scenario-id nil, :ctx/run-id nil, :ctx/event-index 16, :ctx/event-type "execute_resolution"}}
{:ts "2026-07-03T12:36:20.830078491Z", :level :warn, :message "capture-event-evidence! called without :ctx/run-id in attribution — evidence will be orphaned", :context {:resolved-attr {:world-before nil, :world-after nil}}}
Captured event evidence: guard-rejected hash: 1670e5f1a6dfea7810d2c5b65a253c6bb50438c974d3d7e748196f72680d2877
{:ts "2026-07-03T12:36:20.843109597Z", :level :debug, :message "guard/rejected", :context {:caller "0xloopattacker", :workflow-id 0, :error :not-participant, :ctx/scenario-id nil, :ctx/run-id nil, :ctx/event-index 17, :ctx/event-type "escalate_dispute"}}
{:ts "2026-07-03T12:36:20.843487129Z", :level :warn, :message "capture-event-evidence! called without :ctx/run-id in attribution — evidence will be orphaned", :context {:resolved-attr {:world-before nil, :world-after nil}}}
Captured event evidence: guard-rejected hash: 21916465a64ec80e46703ecd38fb10bc945aeb64bca9f244f4145bf56f11fc70
{:ts "2026-07-03T12:36:20.856001016Z", :level :debug, :message "guard/rejected", :context {:caller "0xl1", :dispute-level 0, :workflow-id 0, :error :not-authorized-resolver, :ctx/scenario-id nil, :ctx/run-id nil, :ctx/event-index 18, :ctx/event-type "execute_resolution"}}
{:ts "2026-07-03T12:36:20.856394419Z", :level :warn, :message "capture-event-evidence! called without :ctx/run-id in attribution — evidence will be orphaned", :context {:resolved-attr {:world-before nil, :world-after nil}}}
Captured event evidence: guard-rejected hash: 8d72e5759c5235ea1bc0d99a974fceecd8b481da041cbdd5898a28386f4a6807
{:ts "2026-07-03T12:36:20.869051650Z", :level :debug, :message "guard/rejected", :context {:caller "0xl2", :dispute-level 0, :workflow-id 0, :error :not-authorized-resolver, :ctx/scenario-id nil, :ctx/run-id nil, :ctx/event-index 19, :ctx/event-type "execute_resolution"}}
{:ts "2026-07-03T12:36:20.869526458Z", :level :warn, :message "capture-event-evidence! called without :ctx/run-id in attribution — evidence will be orphaned", :context {:resolved-attr {:world-before nil, :world-after nil}}}
Captured event evidence: guard-rejected hash: 1670e5f1a6dfea7810d2c5b65a253c6bb50438c974d3d7e748196f72680d2877
{:ts "2026-07-03T12:36:20.881702829Z", :level :debug, :message "guard/rejected", :context {:caller "0xloopattacker", :workflow-id 0, :error :not-participant, :ctx/scenario-id nil, :ctx/run-id nil, :ctx/event-index 20, :ctx/event-type "escalate_dispute"}}
{:ts "2026-07-03T12:36:20.882051066Z", :level :warn, :message "capture-event-evidence! called without :ctx/run-id in attribution — evidence will be orphaned", :context {:resolved-attr {:world-before nil, :world-after nil}}}
Captured event evidence: guard-rejected hash: 21916465a64ec80e46703ecd38fb10bc945aeb64bca9f244f4145bf56f11fc70
{:ts "2026-07-03T12:36:20.893040645Z", :level :debug, :message "guard/rejected", :context {:caller "0xl1", :dispute-level 0, :workflow-id 0, :error :not-authorized-resolver, :ctx/scenario-id nil, :ctx/run-id nil, :ctx/event-index 21, :ctx/event-type "execute_resolution"}}
{:ts "2026-07-03T12:36:20.893290634Z", :level :warn, :message "capture-event-evidence! called without :ctx/run-id in attribution — evidence will be orphaned", :context {:resolved-attr {:world-before nil, :world-after nil}}}
Captured event evidence: guard-rejected hash: 8d72e5759c5235ea1bc0d99a974fceecd8b481da041cbdd5898a28386f4a6807
{:ts "2026-07-03T12:36:20.904924747Z", :level :debug, :message "guard/rejected", :context {:caller "0xl2", :dispute-level 0, :workflow-id 0, :error :not-authorized-resolver, :ctx/scenario-id nil, :ctx/run-id nil, :ctx/event-index 22, :ctx/event-type "execute_resolution"}}
{:ts "2026-07-03T12:36:20.905282601Z", :level :warn, :message "capture-event-evidence! called without :ctx/run-id in attribution — evidence will be orphaned", :context {:resolved-attr {:world-before nil, :world-after nil}}}
Captured event evidence: guard-rejected hash: 1670e5f1a6dfea7810d2c5b65a253c6bb50438c974d3d7e748196f72680d2877
{:ts "2026-07-03T12:36:20.917588831Z", :level :debug, :message "guard/rejected", :context {:caller "0xloopattacker", :workflow-id 0, :error :not-participant, :ctx/scenario-id nil, :ctx/run-id nil, :ctx/event-index 23, :ctx/event-type "escalate_dispute"}}
{:ts "2026-07-03T12:36:20.918035966Z", :level :warn, :message "capture-event-evidence! called without :ctx/run-id in attribution — evidence will be orphaned", :context {:resolved-attr {:world-before nil, :world-after nil}}}
Captured event evidence: guard-rejected hash: 21916465a64ec80e46703ecd38fb10bc945aeb64bca9f244f4145bf56f11fc70
{:ts "2026-07-03T12:36:20.932306354Z", :level :debug, :message "guard/rejected", :context {:caller "0xl1", :dispute-level 0, :workflow-id 0, :error :not-authorized-resolver, :ctx/scenario-id nil, :ctx/run-id nil, :ctx/event-index 24, :ctx/event-type "execute_resolution"}}
{:ts "2026-07-03T12:36:20.932691471Z", :level :warn, :message "capture-event-evidence! called without :ctx/run-id in attribution — evidence will be orphaned", :context {:resolved-attr {:world-before nil, :world-after nil}}}
Captured event evidence: guard-rejected hash: 8d72e5759c5235ea1bc0d99a974fceecd8b481da041cbdd5898a28386f4a6807
{:ts "2026-07-03T12:36:20.945800707Z", :level :debug, :message "guard/rejected", :context {:caller "0xl2", :dispute-level 0, :workflow-id 0, :error :not-authorized-resolver, :ctx/scenario-id nil, :ctx/run-id nil, :ctx/event-index 25, :ctx/event-type "execute_resolution"}}
{:ts "2026-07-03T12:36:20.946319289Z", :level :warn, :message "capture-event-evidence! called without :ctx/run-id in attribution — evidence will be orphaned", :context {:resolved-attr {:world-before nil, :world-after nil}}}
Captured event evidence: guard-rejected hash: 1670e5f1a6dfea7810d2c5b65a253c6bb50438c974d3d7e748196f72680d2877
{:ts "2026-07-03T12:36:20.958557899Z", :level :debug, :message "guard/rejected", :context {:caller "0xloopattacker", :workflow-id 0, :error :not-participant, :ctx/scenario-id nil, :ctx/run-id nil, :ctx/event-index 26, :ctx/event-type "escalate_dispute"}}
{:ts "2026-07-03T12:36:20.958870958Z", :level :warn, :message "capture-event-evidence! called without :ctx/run-id in attribution — evidence will be orphaned", :context {:resolved-attr {:world-before nil, :world-after nil}}}
Captured event evidence: guard-rejected hash: 21916465a64ec80e46703ecd38fb10bc945aeb64bca9f244f4145bf56f11fc70
{:ts "2026-07-03T12:36:20.970968388Z", :level :debug, :message "guard/rejected", :context {:caller "0xl1", :dispute-level 0, :workflow-id 0, :error :not-authorized-resolver, :ctx/scenario-id nil, :ctx/run-id nil, :ctx/event-index 27, :ctx/event-type "execute_resolution"}}
{:ts "2026-07-03T12:36:20.971339769Z", :level :warn, :message "capture-event-evidence! called without :ctx/run-id in attribution — evidence will be orphaned", :context {:resolved-attr {:world-before nil, :world-after nil}}}
Captured event evidence: guard-rejected hash: 8d72e5759c5235ea1bc0d99a974fceecd8b481da041cbdd5898a28386f4a6807
{:ts "2026-07-03T12:36:20.985136691Z", :level :debug, :message "guard/rejected", :context {:caller "0xl2", :dispute-level 0, :workflow-id 0, :error :not-authorized-resolver, :ctx/scenario-id nil, :ctx/run-id nil, :ctx/event-index 28, :ctx/event-type "execute_resolution"}}
{:ts "2026-07-03T12:36:20.985541615Z", :level :warn, :message "capture-event-evidence! called without :ctx/run-id in attribution — evidence will be orphaned", :context {:resolved-attr {:world-before nil, :world-after nil}}}
Captured event evidence: guard-rejected hash: 1670e5f1a6dfea7810d2c5b65a253c6bb50438c974d3d7e748196f72680d2877
{:ts "2026-07-03T12:36:20.996996466Z", :level :debug, :message "guard/rejected", :context {:caller "0xloopattacker", :workflow-id 0, :error :not-participant, :ctx/scenario-id nil, :ctx/run-id nil, :ctx/event-index 29, :ctx/event-type "escalate_dispute"}}
{:ts "2026-07-03T12:36:20.997269458Z", :level :warn, :message "capture-event-evidence! called without :ctx/run-id in attribution — evidence will be orphaned", :context {:resolved-attr {:world-before nil, :world-after nil}}}
Captured event evidence: guard-rejected hash: 21916465a64ec80e46703ecd38fb10bc945aeb64bca9f244f4145bf56f11fc70
{:ts "2026-07-03T12:36:21.004711228Z", :level :debug, :message "guard/rejected", :context {:caller "0xl1", :dispute-level 0, :workflow-id 0, :error :not-authorized-resolver, :ctx/scenario-id nil, :ctx/run-id nil, :ctx/event-index 30, :ctx/event-type "execute_resolution"}}
{:ts "2026-07-03T12:36:21.004985754Z", :level :warn, :message "capture-event-evidence! called without :ctx/run-id in attribution — evidence will be orphaned", :context {:resolved-attr {:world-before nil, :world-after nil}}}
Captured event evidence: guard-rejected hash: 8d72e5759c5235ea1bc0d99a974fceecd8b481da041cbdd5898a28386f4a6807
{:ts "2026-07-03T12:36:21.011721183Z", :level :debug, :message "guard/rejected", :context {:caller "0xl2", :dispute-level 0, :workflow-id 0, :error :not-authorized-resolver, :ctx/scenario-id nil, :ctx/run-id nil, :ctx/event-index 31, :ctx/event-type "execute_resolution"}}
{:ts "2026-07-03T12:36:21.011991540Z", :level :warn, :message "capture-event-evidence! called without :ctx/run-id in attribution — evidence will be orphaned", :context {:resolved-attr {:world-before nil, :world-after nil}}}
Captured event evidence: guard-rejected hash: 1670e5f1a6dfea7810d2c5b65a253c6bb50438c974d3d7e748196f72680d2877
{:ts "2026-07-03T12:36:21.019359910Z", :level :debug, :message "guard/rejected", :context {:caller "0xloopattacker", :workflow-id 0, :error :not-participant, :ctx/scenario-id nil, :ctx/run-id nil, :ctx/event-index 32, :ctx/event-type "escalate_dispute"}}
{:ts "2026-07-03T12:36:21.019662739Z", :level :warn, :message "capture-event-evidence! called without :ctx/run-id in attribution — evidence will be orphaned", :context {:resolved-attr {:world-before nil, :world-after nil}}}
Captured event evidence: guard-rejected hash: 21916465a64ec80e46703ecd38fb10bc945aeb64bca9f244f4145bf56f11fc70
{:ts "2026-07-03T12:36:21.030363597Z", :level :debug, :message "guard/rejected", :context {:caller "0xl1", :dispute-level 0, :workflow-id 0, :error :not-authorized-resolver, :ctx/scenario-id nil, :ctx/run-id nil, :ctx/event-index 33, :ctx/event-type "execute_resolution"}}
{:ts "2026-07-03T12:36:21.030619546Z", :level :warn, :message "capture-event-evidence! called without :ctx/run-id in attribution — evidence will be orphaned", :context {:resolved-attr {:world-before nil, :world-after nil}}}
Captured event evidence: guard-rejected hash: 8d72e5759c5235ea1bc0d99a974fceecd8b481da041cbdd5898a28386f4a6807
{:ts "2026-07-03T12:36:21.038217606Z", :level :debug, :message "guard/rejected", :context {:caller "0xl2", :dispute-level 0, :workflow-id 0, :error :not-authorized-resolver, :ctx/scenario-id nil, :ctx/run-id nil, :ctx/event-index 34, :ctx/event-type "execute_resolution"}}
{:ts "2026-07-03T12:36:21.038540414Z", :level :warn, :message "capture-event-evidence! called without :ctx/run-id in attribution — evidence will be orphaned", :context {:resolved-attr {:world-before nil, :world-after nil}}}
Captured event evidence: guard-rejected hash: 1670e5f1a6dfea7810d2c5b65a253c6bb50438c974d3d7e748196f72680d2877
{:ts "2026-07-03T12:36:21.045617306Z", :level :debug, :message "guard/rejected", :context {:caller "0xloopattacker", :workflow-id 0, :error :not-participant, :ctx/scenario-id nil, :ctx/run-id nil, :ctx/event-index 35, :ctx/event-type "escalate_dispute"}}
{:ts "2026-07-03T12:36:21.045869138Z", :level :warn, :message "capture-event-evidence! called without :ctx/run-id in attribution — evidence will be orphaned", :context {:resolved-attr {:world-before nil, :world-after nil}}}
Captured event evidence: guard-rejected hash: 21916465a64ec80e46703ecd38fb10bc945aeb64bca9f244f4145bf56f11fc70
{:ts "2026-07-03T12:36:21.053297563Z", :level :debug, :message "guard/rejected", :context {:caller "0xl1", :dispute-level 0, :workflow-id 0, :error :not-authorized-resolver, :ctx/scenario-id nil, :ctx/run-id nil, :ctx/event-index 36, :ctx/event-type "execute_resolution"}}
{:ts "2026-07-03T12:36:21.053607967Z", :level :warn, :message "capture-event-evidence! called without :ctx/run-id in attribution — evidence will be orphaned", :context {:resolved-attr {:world-before nil, :world-after nil}}}
Captured event evidence: guard-rejected hash: 8d72e5759c5235ea1bc0d99a974fceecd8b481da041cbdd5898a28386f4a6807
{:ts "2026-07-03T12:36:21.060494024Z", :level :debug, :message "guard/rejected", :context {:caller "0xl2", :dispute-level 0, :workflow-id 0, :error :not-authorized-resolver, :ctx/scenario-id nil, :ctx/run-id nil, :ctx/event-index 37, :ctx/event-type "execute_resolution"}}
{:ts "2026-07-03T12:36:21.060724445Z", :level :warn, :message "capture-event-evidence! called without :ctx/run-id in attribution — evidence will be orphaned", :context {:resolved-attr {:world-before nil, :world-after nil}}}
Captured event evidence: guard-rejected hash: 1670e5f1a6dfea7810d2c5b65a253c6bb50438c974d3d7e748196f72680d2877
{:ts "2026-07-03T12:36:21.068386276Z", :level :debug, :message "guard/rejected", :context {:caller "0xloopattacker", :workflow-id 0, :error :not-participant, :ctx/scenario-id nil, :ctx/run-id nil, :ctx/event-index 38, :ctx/event-type "escalate_dispute"}}
{:ts "2026-07-03T12:36:21.068741406Z", :level :warn, :message "capture-event-evidence! called without :ctx/run-id in attribution — evidence will be orphaned", :context {:resolved-attr {:world-before nil, :world-after nil}}}
Captured event evidence: guard-rejected hash: 21916465a64ec80e46703ecd38fb10bc945aeb64bca9f244f4145bf56f11fc70
{:ts "2026-07-03T12:36:21.079711278Z", :level :debug, :message "guard/rejected", :context {:caller "0xl1", :dispute-level 0, :workflow-id 0, :error :not-authorized-resolver, :ctx/scenario-id nil, :ctx/run-id nil, :ctx/event-index 39, :ctx/event-type "execute_resolution"}}
{:ts "2026-07-03T12:36:21.080078511Z", :level :warn, :message "capture-event-evidence! called without :ctx/run-id in attribution — evidence will be orphaned", :context {:resolved-attr {:world-before nil, :world-after nil}}}
Captured event evidence: guard-rejected hash: 8d72e5759c5235ea1bc0d99a974fceecd8b481da041cbdd5898a28386f4a6807
{:ts "2026-07-03T12:36:21.087824954Z", :level :debug, :message "guard/rejected", :context {:caller "0xl2", :dispute-level 0, :workflow-id 0, :error :not-authorized-resolver, :ctx/scenario-id nil, :ctx/run-id nil, :ctx/event-index 40, :ctx/event-type "execute_resolution"}}
{:ts "2026-07-03T12:36:21.088140548Z", :level :warn, :message "capture-event-evidence! called without :ctx/run-id in attribution — evidence will be orphaned", :context {:resolved-attr {:world-before nil, :world-after nil}}}
Captured event evidence: guard-rejected hash: 1670e5f1a6dfea7810d2c5b65a253c6bb50438c974d3d7e748196f72680d2877
{:ts "2026-07-03T12:36:21.094890174Z", :level :debug, :message "guard/rejected", :context {:caller "0xloopattacker", :workflow-id 0, :error :not-participant, :ctx/scenario-id nil, :ctx/run-id nil, :ctx/event-index 41, :ctx/event-type "escalate_dispute"}}
{:ts "2026-07-03T12:36:21.095183475Z", :level :warn, :message "capture-event-evidence! called without :ctx/run-id in attribution — evidence will be orphaned", :context {:resolved-attr {:world-before nil, :world-after nil}}}
Captured event evidence: guard-rejected hash: 21916465a64ec80e46703ecd38fb10bc945aeb64bca9f244f4145bf56f11fc70
{:ts "2026-07-03T12:36:21.102681403Z", :level :debug, :message "guard/rejected", :context {:caller "0xl1", :dispute-level 0, :workflow-id 0, :error :not-authorized-resolver, :ctx/scenario-id nil, :ctx/run-id nil, :ctx/event-index 42, :ctx/event-type "execute_resolution"}}
{:ts "2026-07-03T12:36:21.103047905Z", :level :warn, :message "capture-event-evidence! called without :ctx/run-id in attribution — evidence will be orphaned", :context {:resolved-attr {:world-before nil, :world-after nil}}}
Captured event evidence: guard-rejected hash: 8d72e5759c5235ea1bc0d99a974fceecd8b481da041cbdd5898a28386f4a6807
{:ts "2026-07-03T12:36:21.109972986Z", :level :debug, :message "guard/rejected", :context {:caller "0xl2", :dispute-level 0, :workflow-id 0, :error :not-authorized-resolver, :ctx/scenario-id nil, :ctx/run-id nil, :ctx/event-index 43, :ctx/event-type "execute_resolution"}}
{:ts "2026-07-03T12:36:21.110207435Z", :level :warn, :message "capture-event-evidence! called without :ctx/run-id in attribution — evidence will be orphaned", :context {:resolved-attr {:world-before nil, :world-after nil}}}
Captured event evidence: guard-rejected hash: 1670e5f1a6dfea7810d2c5b65a253c6bb50438c974d3d7e748196f72680d2877
{:ts "2026-07-03T12:36:21.117015272Z", :level :debug, :message "guard/rejected", :context {:caller "0xloopattacker", :workflow-id 0, :error :not-participant, :ctx/scenario-id nil, :ctx/run-id nil, :ctx/event-index 44, :ctx/event-type "escalate_dispute"}}
{:ts "2026-07-03T12:36:21.117311459Z", :level :warn, :message "capture-event-evidence! called without :ctx/run-id in attribution — evidence will be orphaned", :context {:resolved-attr {:world-before nil, :world-after nil}}}
Captured event evidence: guard-rejected hash: 21916465a64ec80e46703ecd38fb10bc945aeb64bca9f244f4145bf56f11fc70
{:ts "2026-07-03T12:36:21.123730623Z", :level :debug, :message "guard/rejected", :context {:caller "0xl1", :dispute-level 0, :workflow-id 0, :error :not-authorized-resolver, :ctx/scenario-id nil, :ctx/run-id nil, :ctx/event-index 45, :ctx/event-type "execute_resolution"}}
{:ts "2026-07-03T12:36:21.123934443Z", :level :warn, :message "capture-event-evidence! called without :ctx/run-id in attribution — evidence will be orphaned", :context {:resolved-attr {:world-before nil, :world-after nil}}}
Captured event evidence: guard-rejected hash: 8d72e5759c5235ea1bc0d99a974fceecd8b481da041cbdd5898a28386f4a6807
{:ts "2026-07-03T12:36:21.130785072Z", :level :debug, :message "guard/rejected", :context {:caller "0xl2", :dispute-level 0, :workflow-id 0, :error :not-authorized-resolver, :ctx/scenario-id nil, :ctx/run-id nil, :ctx/event-index 46, :ctx/event-type "execute_resolution"}}
{:ts "2026-07-03T12:36:21.131082261Z", :level :warn, :message "capture-event-evidence! called without :ctx/run-id in attribution — evidence will be orphaned", :context {:resolved-attr {:world-before nil, :world-after nil}}}
Captured event evidence: guard-rejected hash: 1670e5f1a6dfea7810d2c5b65a253c6bb50438c974d3d7e748196f72680d2877
{:ts "2026-07-03T12:36:21.139011695Z", :level :debug, :message "guard/rejected", :context {:caller "0xloopattacker", :workflow-id 0, :error :not-participant, :ctx/scenario-id nil, :ctx/run-id nil, :ctx/event-index 47, :ctx/event-type "escalate_dispute"}}
{:ts "2026-07-03T12:36:21.139399146Z", :level :warn, :message "capture-event-evidence! called without :ctx/run-id in attribution — evidence will be orphaned", :context {:resolved-attr {:world-before nil, :world-after nil}}}
Captured event evidence: guard-rejected hash: 21916465a64ec80e46703ecd38fb10bc945aeb64bca9f244f4145bf56f11fc70
{:ts "2026-07-03T12:36:21.146262099Z", :level :debug, :message "guard/rejected", :context {:caller "0xl1", :dispute-level 0, :workflow-id 0, :error :not-authorized-resolver, :ctx/scenario-id nil, :ctx/run-id nil, :ctx/event-index 48, :ctx/event-type "execute_resolution"}}
{:ts "2026-07-03T12:36:21.146485466Z", :level :warn, :message "capture-event-evidence! called without :ctx/run-id in attribution — evidence will be orphaned", :context {:resolved-attr {:world-before nil, :world-after nil}}}
Captured event evidence: guard-rejected hash: 8d72e5759c5235ea1bc0d99a974fceecd8b481da041cbdd5898a28386f4a6807
{:ts "2026-07-03T12:36:21.153768443Z", :level :debug, :message "guard/rejected", :context {:caller "0xl2", :dispute-level 0, :workflow-id 0, :error :not-authorized-resolver, :ctx/scenario-id nil, :ctx/run-id nil, :ctx/event-index 49, :ctx/event-type "execute_resolution"}}
{:ts "2026-07-03T12:36:21.154059199Z", :level :warn, :message "capture-event-evidence! called without :ctx/run-id in attribution — evidence will be orphaned", :context {:resolved-attr {:world-before nil, :world-after nil}}}
Captured event evidence: guard-rejected hash: 1670e5f1a6dfea7810d2c5b65a253c6bb50438c974d3d7e748196f72680d2877
{:ts "2026-07-03T12:36:21.161333189Z", :level :debug, :message "guard/rejected", :context {:caller "0xloopattacker", :workflow-id 0, :error :not-participant, :ctx/scenario-id nil, :ctx/run-id nil, :ctx/event-index 50, :ctx/event-type "escalate_dispute"}}
{:ts "2026-07-03T12:36:21.161602294Z", :level :warn, :message "capture-event-evidence! called without :ctx/run-id in attribution — evidence will be orphaned", :context {:resolved-attr {:world-before nil, :world-after nil}}}
Captured event evidence: guard-rejected hash: 21916465a64ec80e46703ecd38fb10bc945aeb64bca9f244f4145bf56f11fc70
{:ts "2026-07-03T12:36:21.169532389Z", :level :debug, :message "guard/rejected", :context {:caller "0xl1", :dispute-level 0, :workflow-id 0, :error :not-authorized-resolver, :ctx/scenario-id nil, :ctx/run-id nil, :ctx/event-index 51, :ctx/event-type "execute_resolution"}}
{:ts "2026-07-03T12:36:21.169871788Z", :level :warn, :message "capture-event-evidence! called without :ctx/run-id in attribution — evidence will be orphaned", :context {:resolved-attr {:world-before nil, :world-after nil}}}
Captured event evidence: guard-rejected hash: 8d72e5759c5235ea1bc0d99a974fceecd8b481da041cbdd5898a28386f4a6807
{:ts "2026-07-03T12:36:21.177460410Z", :level :debug, :message "guard/rejected", :context {:caller "0xl2", :dispute-level 0, :workflow-id 0, :error :not-authorized-resolver, :ctx/scenario-id nil, :ctx/run-id nil, :ctx/event-index 52, :ctx/event-type "execute_resolution"}}
{:ts "2026-07-03T12:36:21.177694758Z", :level :warn, :message "capture-event-evidence! called without :ctx/run-id in attribution — evidence will be orphaned", :context {:resolved-attr {:world-before nil, :world-after nil}}}
Captured event evidence: guard-rejected hash: 1670e5f1a6dfea7810d2c5b65a253c6bb50438c974d3d7e748196f72680d2877
{:ts "2026-07-03T12:36:21.184848267Z", :level :debug, :message "guard/rejected", :context {:caller "0xloopattacker", :workflow-id 0, :error :not-participant, :ctx/scenario-id nil, :ctx/run-id nil, :ctx/event-index 53, :ctx/event-type "escalate_dispute"}}
{:ts "2026-07-03T12:36:21.185063178Z", :level :warn, :message "capture-event-evidence! called without :ctx/run-id in attribution — evidence will be orphaned", :context {:resolved-attr {:world-before nil, :world-after nil}}}
Captured event evidence: guard-rejected hash: 21916465a64ec80e46703ecd38fb10bc945aeb64bca9f244f4145bf56f11fc70
{:ts "2026-07-03T12:36:21.191465830Z", :level :debug, :message "guard/rejected", :context {:caller "0xl1", :dispute-level 0, :workflow-id 0, :error :not-authorized-resolver, :ctx/scenario-id nil, :ctx/run-id nil, :ctx/event-index 54, :ctx/event-type "execute_resolution"}}
{:ts "2026-07-03T12:36:21.191672085Z", :level :warn, :message "capture-event-evidence! called without :ctx/run-id in attribution — evidence will be orphaned", :context {:resolved-attr {:world-before nil, :world-after nil}}}
Captured event evidence: guard-rejected hash: 8d72e5759c5235ea1bc0d99a974fceecd8b481da041cbdd5898a28386f4a6807
{:ts "2026-07-03T12:36:21.198822979Z", :level :debug, :message "guard/rejected", :context {:caller "0xl2", :dispute-level 0, :workflow-id 0, :error :not-authorized-resolver, :ctx/scenario-id nil, :ctx/run-id nil, :ctx/event-index 55, :ctx/event-type "execute_resolution"}}
{:ts "2026-07-03T12:36:21.199079460Z", :level :warn, :message "capture-event-evidence! called without :ctx/run-id in attribution — evidence will be orphaned", :context {:resolved-attr {:world-before nil, :world-after nil}}}
Captured event evidence: guard-rejected hash: 1670e5f1a6dfea7810d2c5b65a253c6bb50438c974d3d7e748196f72680d2877
{:ts "2026-07-03T12:36:21.206518445Z", :level :debug, :message "guard/rejected", :context {:caller "0xloopattacker", :workflow-id 0, :error :not-participant, :ctx/scenario-id nil, :ctx/run-id nil, :ctx/event-index 56, :ctx/event-type "escalate_dispute"}}
{:ts "2026-07-03T12:36:21.206726263Z", :level :warn, :message "capture-event-evidence! called without :ctx/run-id in attribution — evidence will be orphaned", :context {:resolved-attr {:world-before nil, :world-after nil}}}
Captured event evidence: guard-rejected hash: 21916465a64ec80e46703ecd38fb10bc945aeb64bca9f244f4145bf56f11fc70
{:ts "2026-07-03T12:36:21.213434189Z", :level :debug, :message "guard/rejected", :context {:caller "0xl1", :dispute-level 0, :workflow-id 0, :error :not-authorized-resolver, :ctx/scenario-id nil, :ctx/run-id nil, :ctx/event-index 57, :ctx/event-type "execute_resolution"}}
{:ts "2026-07-03T12:36:21.213626928Z", :level :warn, :message "capture-event-evidence! called without :ctx/run-id in attribution — evidence will be orphaned", :context {:resolved-attr {:world-before nil, :world-after nil}}}
Captured event evidence: guard-rejected hash: 8d72e5759c5235ea1bc0d99a974fceecd8b481da041cbdd5898a28386f4a6807
{:ts "2026-07-03T12:36:21.219983371Z", :level :debug, :message "guard/rejected", :context {:caller "0xl2", :dispute-level 0, :workflow-id 0, :error :not-authorized-resolver, :ctx/scenario-id nil, :ctx/run-id nil, :ctx/event-index 58, :ctx/event-type "execute_resolution"}}
{:ts "2026-07-03T12:36:21.220194836Z", :level :warn, :message "capture-event-evidence! called without :ctx/run-id in attribution — evidence will be orphaned", :context {:resolved-attr {:world-before nil, :world-after nil}}}
Captured event evidence: guard-rejected hash: 1670e5f1a6dfea7810d2c5b65a253c6bb50438c974d3d7e748196f72680d2877
{:ts "2026-07-03T12:36:21.227047429Z", :level :debug, :message "guard/rejected", :context {:caller "0xloopattacker", :workflow-id 0, :error :not-participant, :ctx/scenario-id nil, :ctx/run-id nil, :ctx/event-index 59, :ctx/event-type "escalate_dispute"}}
{:ts "2026-07-03T12:36:21.227293590Z", :level :warn, :message "capture-event-evidence! called without :ctx/run-id in attribution — evidence will be orphaned", :context {:resolved-attr {:world-before nil, :world-after nil}}}
Captured event evidence: guard-rejected hash: 21916465a64ec80e46703ecd38fb10bc945aeb64bca9f244f4145bf56f11fc70
{:ts "2026-07-03T12:36:21.245553883Z", :level :warn, :message "capture-event-evidence! called without :ctx/run-id in attribution — evidence will be orphaned", :context {:resolved-attr {:ctx/run-id nil, :ctx/event-index 0, :ctx/event-type "create_escrow", :subject/type :escrow, :subject/id 0, :action/type :escrow/create, :evidence/reason :escrow-created}}}
Captured event evidence: escrow-created hash: eaf18595b82f42e55c01c0a3aaaf7e10a66d8e67fd13a1f35ff55badf3d11616
{:ts "2026-07-03T12:36:21.276059528Z", :level :warn, :message "capture-event-evidence! called without :ctx/run-id in attribution — evidence will be orphaned", :context {:resolved-attr {:ctx/run-id nil, :ctx/event-index 2, :ctx/event-type "raise_dispute", :subject/type :dispute, :subject/id 0, :action/type :dispute/raise, :evidence/reason :dispute-raised}}}
Captured event evidence: dispute-raised hash: 9c8273bdc3f4759d190d7128600357427ca9e7608ad641430a3ff74df0c417ad
{:ts "2026-07-03T12:36:21.303772970Z", :level :warn, :message "capture-event-evidence! called without :ctx/run-id in attribution — evidence will be orphaned", :context {:resolved-attr {:ctx/run-id nil, :ctx/event-index 0, :ctx/event-type "create_escrow", :subject/type :escrow, :subject/id 0, :action/type :escrow/create, :evidence/reason :escrow-created}}}
Captured event evidence: escrow-created hash: eaf18595b82f42e55c01c0a3aaaf7e10a66d8e67fd13a1f35ff55badf3d11616
{:ts "2026-07-03T12:36:21.322005550Z", :level :warn, :message "capture-event-evidence! called without :ctx/run-id in attribution — evidence will be orphaned", :context {:resolved-attr {:ctx/run-id nil, :ctx/event-index 1, :ctx/event-type "raise_dispute", :subject/type :dispute, :subject/id 0, :action/type :dispute/raise, :evidence/reason :dispute-raised}}}
Captured event evidence: dispute-raised hash: caefb53855fb1885b3ca2f1d8f9106a222f9f29469ac99f896f20f5ab8901ca3
{:ts "2026-07-03T12:36:21.344754322Z", :level :debug, :message "guard/rejected", :context {:escrow-state :disputed, :workflow-id 0, :error :transfer-not-pending, :ctx/scenario-id nil, :ctx/run-id nil, :ctx/event-index 2, :ctx/event-type "sender_cancel"}}
{:ts "2026-07-03T12:36:21.364776105Z", :level :warn, :message "capture-event-evidence! called without :ctx/run-id in attribution — evidence will be orphaned", :context {:resolved-attr {:ctx/run-id nil, :ctx/event-index 0, :ctx/event-type "create_escrow", :subject/type :escrow, :subject/id 0, :action/type :escrow/create, :evidence/reason :escrow-created}}}
Captured event evidence: escrow-created hash: 78c09383918b08b0e3a20edbbc23a43f7b0976c61fb562ae0cb12b239ee3f018
{:ts "2026-07-03T12:36:21.402825637Z", :level :warn, :message "capture-event-evidence! called without :ctx/run-id in attribution — evidence will be orphaned", :context {:resolved-attr {:ctx/run-id nil, :ctx/event-index 2, :ctx/event-type "raise_dispute", :subject/type :dispute, :subject/id 0, :action/type :dispute/raise, :evidence/reason :dispute-raised}}}
Captured event evidence: dispute-raised hash: 09adb02677a8bdf7f26235898d7ace194c5b6fd3ffdef2333ba1afcfa0459289
{:ts "2026-07-03T12:36:21.428229730Z", :level :debug, :message "Submitting resolution", :context {:caller "0xcl0", :workflow-id 0}}
{:ts "2026-07-03T12:36:21.445018737Z", :level :debug, :message "guard/rejected", :context {:caller "0xcl1", :dispute-level 0, :workflow-id 0, :error :not-authorized-resolver, :ctx/scenario-id nil, :ctx/run-id nil, :ctx/event-index 4, :ctx/event-type "execute_resolution"}}
{:ts "2026-07-03T12:36:21.445480130Z", :level :warn, :message "capture-event-evidence! called without :ctx/run-id in attribution — evidence will be orphaned", :context {:resolved-attr {:world-before nil, :world-after nil}}}
Captured event evidence: guard-rejected hash: fe670a6d15fde126eed450641d00e1696ceb676728014f01220fade55155303f
{:ts "2026-07-03T12:36:21.470823988Z", :level :debug, :message "guard/rejected", :context {:block-time 1180, :appeal-deadline 1180, :workflow-id 0, :error :appeal-window-expired, :ctx/scenario-id nil, :ctx/run-id nil, :ctx/event-index 6, :ctx/event-type "escalate_dispute"}}
{:ts "2026-07-03T12:36:21.471131927Z", :level :warn, :message "capture-event-evidence! called without :ctx/run-id in attribution — evidence will be orphaned", :context {:resolved-attr {:world-before nil, :world-after nil}}}
Captured event evidence: guard-rejected hash: 45cf283630815596ec537c3ede34fab2eb698e200ad0f5bc65e6a16b1a2dc978
{:ts "2026-07-03T12:36:21.478774341Z", :level :debug, :message "guard/rejected", :context {:caller "0xcl1", :dispute-level 0, :workflow-id 0, :error :not-authorized-resolver, :ctx/scenario-id nil, :ctx/run-id nil, :ctx/event-index 7, :ctx/event-type "execute_resolution"}}
{:ts "2026-07-03T12:36:21.479144450Z", :level :warn, :message "capture-event-evidence! called without :ctx/run-id in attribution — evidence will be orphaned", :context {:resolved-attr {:world-before nil, :world-after nil}}}
Captured event evidence: guard-rejected hash: fe670a6d15fde126eed450641d00e1696ceb676728014f01220fade55155303f
{:ts "2026-07-03T12:36:21.490588870Z", :level :warn, :message "capture-event-evidence! called without :ctx/run-id in attribution — evidence will be orphaned", :context {:resolved-attr {:ctx/run-id nil, :ctx/event-index 8, :ctx/event-type "automate_timed_actions", :subject/type :escrow, :subject/id 0, :action/type :escrow/released, :evidence/reason :escrow-released}}}
Captured event evidence: escrow-released hash: c1a4ece76da38c269f802c60ee4245ed04a69c29ec580def4e9c38fea62a1b1e
{:ts "2026-07-03T12:36:21.536157820Z", :level :warn, :message "capture-event-evidence! called without :ctx/run-id in attribution — evidence will be orphaned", :context {:resolved-attr {:ctx/run-id nil, :ctx/event-index 0, :ctx/event-type "create_escrow", :subject/type :escrow, :subject/id 0, :action/type :escrow/create, :evidence/reason :escrow-created}}}
Captured event evidence: escrow-created hash: 48c925691e6fd91ec507fd05f3e1631ecfa048cd4ed44f2c9b7b7be0356c988e
{:ts "2026-07-03T12:36:21.563371055Z", :level :warn, :message "capture-event-evidence! called without :ctx/run-id in attribution — evidence will be orphaned", :context {:resolved-attr {:ctx/run-id nil, :ctx/event-index 1, :ctx/event-type "raise_dispute", :subject/type :dispute, :subject/id 0, :action/type :dispute/raise, :evidence/reason :dispute-raised}}}
Captured event evidence: dispute-raised hash: 20de04816cdcb5540571067298c2676ea30afe61604cffc2552354fb13e6e078
{:ts "2026-07-03T12:36:21.597972508Z", :level :warn, :message "capture-event-evidence! called without :ctx/run-id in attribution — evidence will be orphaned", :context {:resolved-attr {:ctx/run-id nil, :ctx/event-index 0, :ctx/event-type "create_escrow", :subject/type :escrow, :subject/id 0, :action/type :escrow/create, :evidence/reason :escrow-created}}}
Captured event evidence: escrow-created hash: e13238d1099af362022e9c0adee507d175497b3aadcde733d92d887596d642a0
{:ts "2026-07-03T12:36:21.655208304Z", :level :warn, :message "capture-event-evidence! called without :ctx/run-id in attribution — evidence will be orphaned", :context {:resolved-attr {:ctx/run-id nil, :ctx/event-index 2, :ctx/event-type "raise_dispute", :subject/type :dispute, :subject/id 0, :action/type :dispute/raise, :evidence/reason :dispute-raised}}}
Captured event evidence: dispute-raised hash: e76f889d926518a183f6af62df9bbfb7f9796301df7e5e43a41be9ce4fe522bb
{:ts "2026-07-03T12:36:21.686373331Z", :level :debug, :message "Submitting resolution", :context {:caller "0xl0", :workflow-id 0}}
{:ts "2026-07-03T12:36:21.707553111Z", :level :debug, :message "guard/rejected", :context {:caller "0xl1", :dispute-level 0, :workflow-id 0, :error :not-authorized-resolver, :ctx/scenario-id nil, :ctx/run-id nil, :ctx/event-index 4, :ctx/event-type "execute_resolution"}}
{:ts "2026-07-03T12:36:21.707975148Z", :level :warn, :message "capture-event-evidence! called without :ctx/run-id in attribution — evidence will be orphaned", :context {:resolved-attr {:world-before nil, :world-after nil}}}
Captured event evidence: guard-rejected hash: 8d72e5759c5235ea1bc0d99a974fceecd8b481da041cbdd5898a28386f4a6807
{:ts "2026-07-03T12:36:21.750832329Z", :level :debug, :message "guard/rejected", :context {:block-time 1180, :appeal-deadline 1180, :workflow-id 0, :error :appeal-window-expired, :ctx/scenario-id nil, :ctx/run-id nil, :ctx/event-index 6, :ctx/event-type "escalate_dispute"}}
{:ts "2026-07-03T12:36:21.751980887Z", :level :warn, :message "capture-event-evidence! called without :ctx/run-id in attribution — evidence will be orphaned", :context {:resolved-attr {:world-before nil, :world-after nil}}}
Captured event evidence: guard-rejected hash: 45cf283630815596ec537c3ede34fab2eb698e200ad0f5bc65e6a16b1a2dc978
{:ts "2026-07-03T12:36:21.769597368Z", :level :debug, :message "guard/rejected", :context {:caller "0xl1", :dispute-level 0, :workflow-id 0, :error :not-authorized-resolver, :ctx/scenario-id nil, :ctx/run-id nil, :ctx/event-index 7, :ctx/event-type "execute_resolution"}}
{:ts "2026-07-03T12:36:21.770319830Z", :level :warn, :message "capture-event-evidence! called without :ctx/run-id in attribution — evidence will be orphaned", :context {:resolved-attr {:world-before nil, :world-after nil}}}
Captured event evidence: guard-rejected hash: 8d72e5759c5235ea1bc0d99a974fceecd8b481da041cbdd5898a28386f4a6807
{:ts "2026-07-03T12:36:21.789414430Z", :level :warn, :message "capture-event-evidence! called without :ctx/run-id in attribution — evidence will be orphaned", :context {:resolved-attr {:ctx/run-id nil, :ctx/event-index 8, :ctx/event-type "automate_timed_actions", :subject/type :escrow, :subject/id 0, :action/type :escrow/released, :evidence/reason :escrow-released}}}
Captured event evidence: escrow-released hash: 40f1e664c2debea123076057970fb628bf2b79f1edfea93342d64a257f3d915b
{:ts "2026-07-03T12:36:21.866303564Z", :level :warn, :message "capture-event-evidence! called without :ctx/run-id in attribution — evidence will be orphaned", :context {:resolved-attr {:ctx/run-id nil, :ctx/event-index 0, :ctx/event-type "create_escrow", :subject/type :escrow, :subject/id 0, :action/type :escrow/create, :evidence/reason :escrow-created}}}
Captured event evidence: escrow-created hash: 78c09383918b08b0e3a20edbbc23a43f7b0976c61fb562ae0cb12b239ee3f018
{:ts "2026-07-03T12:36:21.939845934Z", :level :warn, :message "capture-event-evidence! called without :ctx/run-id in attribution — evidence will be orphaned", :context {:resolved-attr {:ctx/run-id nil, :ctx/event-index 2, :ctx/event-type "raise_dispute", :subject/type :dispute, :subject/id 0, :action/type :dispute/raise, :evidence/reason :dispute-raised}}}
Captured event evidence: dispute-raised hash: 09adb02677a8bdf7f26235898d7ace194c5b6fd3ffdef2333ba1afcfa0459289
{:ts "2026-07-03T12:36:21.979664511Z", :level :debug, :message "Submitting resolution", :context {:caller "0xcl0", :workflow-id 0}}
{:ts "2026-07-03T12:36:22.002570864Z", :level :debug, :message "guard/rejected", :context {:caller "0xcl1", :dispute-level 0, :workflow-id 0, :error :not-authorized-resolver, :ctx/scenario-id nil, :ctx/run-id nil, :ctx/event-index 4, :ctx/event-type "execute_resolution"}}
{:ts "2026-07-03T12:36:22.003049760Z", :level :warn, :message "capture-event-evidence! called without :ctx/run-id in attribution — evidence will be orphaned", :context {:resolved-attr {:world-before nil, :world-after nil}}}
Captured event evidence: guard-rejected hash: fe670a6d15fde126eed450641d00e1696ceb676728014f01220fade55155303f
{:ts "2026-07-03T12:36:22.031683784Z", :level :debug, :message "guard/rejected", :context {:block-time 1180, :appeal-deadline 1180, :workflow-id 0, :error :appeal-window-expired, :ctx/scenario-id nil, :ctx/run-id nil, :ctx/event-index 6, :ctx/event-type "escalate_dispute"}}
{:ts "2026-07-03T12:36:22.032075804Z", :level :warn, :message "capture-event-evidence! called without :ctx/run-id in attribution — evidence will be orphaned", :context {:resolved-attr {:world-before nil, :world-after nil}}}
Captured event evidence: guard-rejected hash: 45cf283630815596ec537c3ede34fab2eb698e200ad0f5bc65e6a16b1a2dc978
{:ts "2026-07-03T12:36:22.042700225Z", :level :debug, :message "guard/rejected", :context {:caller "0xcl1", :dispute-level 0, :workflow-id 0, :error :not-authorized-resolver, :ctx/scenario-id nil, :ctx/run-id nil, :ctx/event-index 7, :ctx/event-type "execute_resolution"}}
{:ts "2026-07-03T12:36:22.043023463Z", :level :warn, :message "capture-event-evidence! called without :ctx/run-id in attribution — evidence will be orphaned", :context {:resolved-attr {:world-before nil, :world-after nil}}}
Captured event evidence: guard-rejected hash: fe670a6d15fde126eed450641d00e1696ceb676728014f01220fade55155303f
{:ts "2026-07-03T12:36:22.052178422Z", :level :warn, :message "capture-event-evidence! called without :ctx/run-id in attribution — evidence will be orphaned", :context {:resolved-attr {:ctx/run-id nil, :ctx/event-index 8, :ctx/event-type "automate_timed_actions", :subject/type :escrow, :subject/id 0, :action/type :escrow/released, :evidence/reason :escrow-released}}}
Captured event evidence: escrow-released hash: c1a4ece76da38c269f802c60ee4245ed04a69c29ec580def4e9c38fea62a1b1e
{:ts "2026-07-03T12:36:22.106396002Z", :level :warn, :message "capture-event-evidence! called without :ctx/run-id in attribution — evidence will be orphaned", :context {:resolved-attr {:ctx/run-id nil, :ctx/event-index 0, :ctx/event-type "create_escrow", :subject/type :escrow, :subject/id 0, :action/type :escrow/create, :evidence/reason :escrow-created}}}
Captured event evidence: escrow-created hash: 34727f599ddaad450014044f1c3b45d2726b346014a5a4f2e33c8c9d160dda0c
{:ts "2026-07-03T12:36:22.131057804Z", :level :warn, :message "capture-event-evidence! called without :ctx/run-id in attribution — evidence will be orphaned", :context {:resolved-attr {:ctx/run-id nil, :ctx/event-index 1, :ctx/event-type "create_escrow", :subject/type :escrow, :subject/id 1, :action/type :escrow/create, :evidence/reason :escrow-created}}}
Captured event evidence: escrow-created hash: d26a6006370e2a8de94c6f67615018b2f48bff77faa2d7292fa795008ff406ba
{:ts "2026-07-03T12:36:22.157635623Z", :level :warn, :message "capture-event-evidence! called without :ctx/run-id in attribution — evidence will be orphaned", :context {:resolved-attr {:ctx/run-id nil, :ctx/event-index 2, :ctx/event-type "create_escrow", :subject/type :escrow, :subject/id 2, :action/type :escrow/create, :evidence/reason :escrow-created}}}
Captured event evidence: escrow-created hash: 04eb1211b14d213e7891f404bb2f1f3818b04f58cbfecc1d54a8bdc7a11f9490
{:ts "2026-07-03T12:36:22.183714627Z", :level :warn, :message "capture-event-evidence! called without :ctx/run-id in attribution — evidence will be orphaned", :context {:resolved-attr {:ctx/run-id nil, :ctx/event-index 3, :ctx/event-type "create_escrow", :subject/type :escrow, :subject/id 3, :action/type :escrow/create, :evidence/reason :escrow-created}}}
Captured event evidence: escrow-created hash: 960cf49d49e4ab58580bb028c3844988f27d86018c2511592dd59e668b8dc6ff
{:ts "2026-07-03T12:36:22.210297716Z", :level :warn, :message "capture-event-evidence! called without :ctx/run-id in attribution — evidence will be orphaned", :context {:resolved-attr {:ctx/run-id nil, :ctx/event-index 4, :ctx/event-type "raise_dispute", :subject/type :dispute, :subject/id 0, :action/type :dispute/raise, :evidence/reason :dispute-raised}}}
Captured event evidence: dispute-raised hash: e29bb2bfceb9a0cadce422683cf1df419d62e70f649476d9478f839bee1524e9
{:ts "2026-07-03T12:36:22.247221212Z", :level :warn, :message "capture-event-evidence! called without :ctx/run-id in attribution — evidence will be orphaned", :context {:resolved-attr {:ctx/run-id nil, :ctx/event-index 5, :ctx/event-type "raise_dispute", :subject/type :dispute, :subject/id 1, :action/type :dispute/raise, :evidence/reason :dispute-raised}}}
Captured event evidence: dispute-raised hash: 1e66b5363f766b50193a50e56bc847cd9bac9a103352f6dce7dad0d1a2aee9db
{:ts "2026-07-03T12:36:22.288191602Z", :level :warn, :message "capture-event-evidence! called without :ctx/run-id in attribution — evidence will be orphaned", :context {:resolved-attr {:ctx/run-id nil, :ctx/event-index 6, :ctx/event-type "raise_dispute", :subject/type :dispute, :subject/id 2, :action/type :dispute/raise, :evidence/reason :dispute-raised}}}
Captured event evidence: dispute-raised hash: c5952f0696d5a64f5a4c540d5f4ccf5c82acd10ac25bc731b919f2127bd98b46
{:ts "2026-07-03T12:36:22.324455025Z", :level :warn, :message "capture-event-evidence! called without :ctx/run-id in attribution — evidence will be orphaned", :context {:resolved-attr {:ctx/run-id nil, :ctx/event-index 7, :ctx/event-type "raise_dispute", :subject/type :dispute, :subject/id 3, :action/type :dispute/raise, :evidence/reason :dispute-raised}}}
Captured event evidence: dispute-raised hash: 8aa0001d008e0bdd9a0126014749e4323d8d256eb83bb870fef7614f5d6d209e
{:ts "2026-07-03T12:36:22.394513537Z", :level :debug, :message "Submitting resolution", :context {:caller "0xcaplimited", :workflow-id 0}}
{:ts "2026-07-03T12:36:22.395683095Z", :level :warn, :message "capture-event-evidence! called without :ctx/run-id in attribution — evidence will be orphaned", :context {:resolved-attr {:ctx/run-id nil, :ctx/event-index 8, :ctx/event-type "execute_resolution", :subject/type :escrow, :subject/id 0, :action/type :escrow/refunded, :evidence/reason :escrow-refunded}}}
Captured event evidence: escrow-refunded hash: 5df3f35b89d96e53defb06436a698d4ac316de267316c16706b4c392570c713c
{:ts "2026-07-03T12:36:22.451072788Z", :level :debug, :message "Submitting resolution", :context {:caller "0xcaplimited", :workflow-id 1}}
{:ts "2026-07-03T12:36:22.452205716Z", :level :warn, :message "capture-event-evidence! called without :ctx/run-id in attribution — evidence will be orphaned", :context {:resolved-attr {:ctx/run-id nil, :ctx/event-index 9, :ctx/event-type "execute_resolution", :subject/type :escrow, :subject/id 1, :action/type :escrow/refunded, :evidence/reason :escrow-refunded}}}
Captured event evidence: escrow-refunded hash: 02b5e106d60451893dea6ff5a78b7c5a70039fbfe3c2297242307f1313b93d21
{:ts "2026-07-03T12:36:22.492512396Z", :level :warn, :message "capture-event-evidence! called without :ctx/run-id in attribution — evidence will be orphaned", :context {:resolved-attr {:ctx/run-id nil, :ctx/event-index 0, :ctx/event-type "register_stake", :subject/type :resolver, :subject/id "0xres0", :action/type :stake/register, :evidence/reason :stake-registered}}}
Captured event evidence: stake-registered hash: 53b9ad081a7448fa2eab779cce53e8e1c7342f55d26c785dc386fd5687b5854d
{:ts "2026-07-03T12:36:22.507915291Z", :level :warn, :message "capture-event-evidence! called without :ctx/run-id in attribution — evidence will be orphaned", :context {:resolved-attr {:ctx/run-id nil, :ctx/event-index 1, :ctx/event-type "register_stake", :subject/type :resolver, :subject/id "0xres1", :action/type :stake/register, :evidence/reason :stake-registered}}}
Captured event evidence: stake-registered hash: a62d1dd69e243c3406c2c3facbd419645219214f4c90269ed54b157e3c2418a0
{:ts "2026-07-03T12:36:22.522004111Z", :level :warn, :message "capture-event-evidence! called without :ctx/run-id in attribution — evidence will be orphaned", :context {:resolved-attr {:ctx/run-id nil, :ctx/event-index 2, :ctx/event-type "create_escrow", :subject/type :escrow, :subject/id 0, :action/type :escrow/create, :evidence/reason :escrow-created}}}
Captured event evidence: escrow-created hash: 3dd3686d67e7aacaad8fb53b8ad2292ccf5596fdf3d202732b5440de9d668caa
{:ts "2026-07-03T12:36:22.539313213Z", :level :warn, :message "capture-event-evidence! called without :ctx/run-id in attribution — evidence will be orphaned", :context {:resolved-attr {:ctx/run-id nil, :ctx/event-index 3, :ctx/event-type "raise_dispute", :subject/type :dispute, :subject/id 0, :action/type :dispute/raise, :evidence/reason :dispute-raised}}}
Captured event evidence: dispute-raised hash: 48cd467178c94c6bc96ad10098a87d2e60ef0c5acf77ab6a04aac9b3f97a9d11
{:ts "2026-07-03T12:36:22.556415450Z", :level :debug, :message "Submitting resolution", :context {:caller "0xres0", :workflow-id 0}}
{:ts "2026-07-03T12:36:22.569891637Z", :level :warn, :message "capture-event-evidence! called without :ctx/run-id in attribution — evidence will be orphaned", :context {:resolved-attr {:ctx/run-id nil, :ctx/event-index 5, :ctx/event-type "escalate_dispute", :subject/type :bond, :subject/id "0-0xbuyer", :action/type :bond/post, :evidence/reason :bond-posted}}}
Captured event evidence: bond-posted hash: eaed7db73daf4e177a0178b920f22ead46a145507a0fbbdf86c739f2a11359f7
{:ts "2026-07-03T12:36:22.579919507Z", :level :warn, :message "capture-event-evidence! called without :ctx/run-id in attribution — evidence will be orphaned", :context {:resolved-attr {:ctx/run-id nil, :ctx/event-index 5, :ctx/event-type "escalate_dispute", :subject/type :dispute, :subject/id 0, :action/type :dispute/escalate, :evidence/reason :dispute-escalated}}}
Captured event evidence: dispute-escalated hash: e29b11655ef21e043127721c098e51726963c6945a3e3bb3241f58750d1f2f68
{:ts "2026-07-03T12:36:22.602410405Z", :level :debug, :message "Submitting resolution", :context {:caller "0xres1", :workflow-id 0}}
{:ts "2026-07-03T12:36:22.604716578Z", :level :warn, :message "capture-event-evidence! called without :ctx/run-id in attribution — evidence will be orphaned", :context {:resolved-attr {:ctx/run-id nil, :ctx/event-index 6, :ctx/event-type "execute_resolution", :subject/type :resolver, :subject/id "0xres0", :action/type :slash, :evidence/reason :slashing}}}
Captured event evidence: slashing hash: 7b4ce45f7438d51de460bc3571094944f2dcecd2380e70cf38371318b3f94852
{:ts "2026-07-03T12:36:22.645529226Z", :level :warn, :message "capture-event-evidence! called without :ctx/run-id in attribution — evidence will be orphaned", :context {:resolved-attr {:ctx/run-id nil, :ctx/event-index 0, :ctx/event-type "register_stake", :subject/type :resolver, :subject/id "0xres0", :action/type :stake/register, :evidence/reason :stake-registered}}}
Captured event evidence: stake-registered hash: 53b9ad081a7448fa2eab779cce53e8e1c7342f55d26c785dc386fd5687b5854d
{:ts "2026-07-03T12:36:22.660734583Z", :level :warn, :message "capture-event-evidence! called without :ctx/run-id in attribution — evidence will be orphaned", :context {:resolved-attr {:ctx/run-id nil, :ctx/event-index 1, :ctx/event-type "register_stake", :subject/type :resolver, :subject/id "0xres1", :action/type :stake/register, :evidence/reason :stake-registered}}}
Captured event evidence: stake-registered hash: a62d1dd69e243c3406c2c3facbd419645219214f4c90269ed54b157e3c2418a0
{:ts "2026-07-03T12:36:22.676990920Z", :level :warn, :message "capture-event-evidence! called without :ctx/run-id in attribution — evidence will be orphaned", :context {:resolved-attr {:ctx/run-id nil, :ctx/event-index 2, :ctx/event-type "create_escrow", :subject/type :escrow, :subject/id 0, :action/type :escrow/create, :evidence/reason :escrow-created}}}
Captured event evidence: escrow-created hash: 134065ff373a1e27f317c5f203055cae8c798f56cfdbd361713b049723b2793e
{:ts "2026-07-03T12:36:22.708766576Z", :level :warn, :message "capture-event-evidence! called without :ctx/run-id in attribution — evidence will be orphaned", :context {:resolved-attr {:ctx/run-id nil, :ctx/event-index 3, :ctx/event-type "raise_dispute", :subject/type :dispute, :subject/id 0, :action/type :dispute/raise, :evidence/reason :dispute-raised}}}
Captured event evidence: dispute-raised hash: 7dd3acf13e3ab2764d140248e8b374ddb79b74a8afa36f0d8ceb5a3654802996
{:ts "2026-07-03T12:36:22.729732375Z", :level :debug, :message "guard/rejected", :context {:caller "0xres0", :dispute-level 0, :workflow-id 0, :error :not-authorized-resolver, :ctx/scenario-id nil, :ctx/run-id nil, :ctx/event-index 4, :ctx/event-type "execute_resolution"}}
{:ts "2026-07-03T12:36:22.729989548Z", :level :warn, :message "capture-event-evidence! called without :ctx/run-id in attribution — evidence will be orphaned", :context {:resolved-attr {:world-before nil, :world-after nil}}}
Captured event evidence: guard-rejected hash: 870f0562c5fbc4c40fe60568b6bc5712049309140b520f0a7c4c0580f76f02f2
{:ts "2026-07-03T12:36:22.737286411Z", :level :debug, :message "guard/rejected", :context {:pending-exists false, :dispute-level 0, :workflow-id 0, :error :no-resolution-to-challenge, :ctx/scenario-id nil, :ctx/run-id nil, :ctx/event-index 5, :ctx/event-type "challenge_resolution"}}
{:ts "2026-07-03T12:36:22.737516992Z", :level :warn, :message "capture-event-evidence! called without :ctx/run-id in attribution — evidence will be orphaned", :context {:resolved-attr {:world-before nil, :world-after nil}}}
Captured event evidence: guard-rejected hash: f383252bfa473bc464dfcf1701d149c2eb804373d87a9445319c6ff6b744336f
{:ts "2026-07-03T12:36:22.745030530Z", :level :debug, :message "guard/rejected", :context {:caller "0xres1", :dispute-level 0, :workflow-id 0, :error :not-authorized-resolver, :ctx/scenario-id nil, :ctx/run-id nil, :ctx/event-index 6, :ctx/event-type "execute_resolution"}}
{:ts "2026-07-03T12:36:22.745253306Z", :level :warn, :message "capture-event-evidence! called without :ctx/run-id in attribution — evidence will be orphaned", :context {:resolved-attr {:world-before nil, :world-after nil}}}
Captured event evidence: guard-rejected hash: 618fe00a8b8dcc9aa661990e1c803c0c7b3ac572fe54672d44cf1519e1f997cf
{:ts "2026-07-03T12:37:19.613832783Z", :level :warn, :message "capture-event-evidence! called without :ctx/run-id in attribution — evidence will be orphaned", :context {:resolved-attr {:ctx/run-id nil, :ctx/event-index 0, :ctx/event-type "register_stake", :subject/type :resolver, :subject/id "0xresolver", :action/type :stake/register, :evidence/reason :stake-registered}}}
Captured event evidence: stake-registered hash: 16ea8149f225dcff5d7275a49f223c924b5e28718de10b47ff40ac2c24194dbf
{:ts "2026-07-03T12:37:19.629338635Z", :level :warn, :message "capture-event-evidence! called without :ctx/run-id in attribution — evidence will be orphaned", :context {:resolved-attr {:ctx/run-id nil, :ctx/event-index 1, :ctx/event-type "create_escrow", :subject/type :escrow, :subject/id 0, :action/type :escrow/create, :evidence/reason :escrow-created}}}
Captured event evidence: escrow-created hash: 6f64cc2968db7d81d63ad3e13873e2c7006969b4480ecd6c7da8b6ad1b912211
{:ts "2026-07-03T12:37:19.648536449Z", :level :warn, :message "capture-event-evidence! called without :ctx/run-id in attribution — evidence will be orphaned", :context {:resolved-attr {:ctx/run-id nil, :ctx/event-index 2, :ctx/event-type "withdraw_stake", :subject/type :resolver, :subject/id "0xresolver", :action/type :stake/withdraw, :evidence/reason :stake-withdrawn}}}
Captured event evidence: stake-withdrawn hash: f5a07dbb4094899e634dd698ef50327962ee1363209073fd6f608576680b8540
{:ts "2026-07-03T12:37:19.666933351Z", :level :warn, :message "capture-event-evidence! called without :ctx/run-id in attribution — evidence will be orphaned", :context {:resolved-attr {:ctx/run-id nil, :ctx/event-index 3, :ctx/event-type "create_escrow", :subject/type :escrow, :subject/id 1, :action/type :escrow/create, :evidence/reason :escrow-created}}}
Captured event evidence: escrow-created hash: 9f5de857a3a8b1e368191832f9f99ecaa745c49a49ca1d4c03b455120397459b
{:ts "2026-07-03T12:37:19.691078369Z", :level :warn, :message "capture-event-evidence! called without :ctx/run-id in attribution — evidence will be orphaned", :context {:resolved-attr {:ctx/run-id nil, :ctx/event-index 4, :ctx/event-type "withdraw_stake", :subject/type :resolver, :subject/id "0xresolver", :action/type :stake/withdraw, :evidence/reason :stake-withdrawn}}}
Captured event evidence: stake-withdrawn hash: 448998e1ab97e6a396ab14148924d45d17d99158aade72786cfe193d4caf4583
{:ts "2026-07-03T12:37:19.741409129Z", :level :warn, :message "capture-event-evidence! called without :ctx/run-id in attribution — evidence will be orphaned", :context {:resolved-attr {:ctx/run-id nil, :ctx/event-index 0, :ctx/event-type "create_escrow", :subject/type :escrow, :subject/id 0, :action/type :escrow/create, :evidence/reason :escrow-created}}}
Captured event evidence: escrow-created hash: 9d6eb1910d22eaa24fe635f40360c1537377c2cc239340f9594bc267b811221e
{:ts "2026-07-03T12:37:19.778481145Z", :level :warn, :message "capture-event-evidence! called without :ctx/run-id in attribution — evidence will be orphaned", :context {:resolved-attr {:ctx/run-id nil, :ctx/event-index 1, :ctx/event-type "raise_dispute", :subject/type :dispute, :subject/id 0, :action/type :dispute/raise, :evidence/reason :dispute-raised}}}
Captured event evidence: dispute-raised hash: 7da745bf53da6f43fec1a41928b10e029a01f8c659f57467ec490f41e34e45b6
{:ts "2026-07-03T12:37:19.824457245Z", :level :debug, :message "guard/rejected", :context {:caller "0xresolver", :dispute-level 0, :workflow-id 0, :error :not-authorized-resolver, :ctx/scenario-id nil, :ctx/run-id nil, :ctx/event-index 2, :ctx/event-type "execute_resolution"}}
{:ts "2026-07-03T12:37:19.825454112Z", :level :warn, :message "capture-event-evidence! called without :ctx/run-id in attribution — evidence will be orphaned", :context {:resolved-attr {:world-before nil, :world-after nil}}}
Captured event evidence: guard-rejected hash: a37a368214038cb2d905c2e8e6332d21fd45b84ce6ebd58565886754843bb284
{:ts "2026-07-03T12:37:19.843011268Z", :level :warn, :message "capture-event-evidence! called without :ctx/run-id in attribution — evidence will be orphaned", :context {:resolved-attr {:ctx/run-id nil, :ctx/event-index 3, :ctx/event-type "propose_fraud_slash", :subject/type :resolver, :subject/id "0xresolver", :action/type :slash/propose-rejected, :evidence/reason :invalid-resolver-addr}}}
Captured event evidence: fraud-slash-rejected hash: 00c58c128592e99d6f2f8247788fb611a7c86772306f70100750c4dd9e531837
{:ts "2026-07-03T12:37:19.880227480Z", :level :error, :message "grpc/internal-error", :context {:error "Don't know how to write JSON of class resolver_sim.yield.modules.liquid_lending$deposit"}}
[grpc] Internal Simulation Error: Don't know how to write JSON of class resolver_sim.yield.modules.liquid_lending$deposit
java.lang.Exception: Don't know how to write JSON of class resolver_sim.yield.modules.liquid_lending$deposit
 at clojure.data.json$write_generic.invokeStatic (json.clj:599)
    clojure.data.json$write_generic.invoke (json.clj:596)
    clojure.data.json$eval241$fn__242$G__232__251.invoke (json.clj:424)
    clojure.data.json$write_object.invokeStatic (json.clj:517)
    clojure.data.json$write_object.invoke (json.clj:490)
    clojure.data.json$eval241$fn__242$G__232__251.invoke (json.clj:424)
    clojure.data.json$write_object.invokeStatic (json.clj:517)
    clojure.data.json$write_object.invoke (json.clj:490)
    clojure.data.json$eval241$fn__242$G__232__251.invoke (json.clj:424)
    clojure.data.json$write_object.invokeStatic (json.clj:517)
    clojure.data.json$write_object.invoke (json.clj:490)
    clojure.data.json$eval241$fn__242$G__232__251.invoke (json.clj:424)
    clojure.data.json$write_object.invokeStatic (json.clj:517)
    clojure.data.json$write_object.invoke (json.clj:490)
    clojure.data.json$eval241$fn__242$G__232__251.invoke (json.clj:424)
    clojure.data.json$write_object.invokeStatic (json.clj:517)
    clojure.data.json$write_object.invoke (json.clj:490)
    clojure.data.json$eval241$fn__242$G__232__251.invoke (json.clj:424)
    clojure.data.json$write_str.invokeStatic (json.clj:708)
    clojure.data.json$write_str.doInvoke (json.clj:703)
    clojure.lang.RestFn.invoke (RestFn.java:489)
    resolver_sim.server.grpc$json_marshaller$reify__15329.stream (grpc.clj:59)
    io.grpc.MethodDescriptor.streamResponse (MethodDescriptor.java:319)
    io.grpc.internal.ServerCallImpl.sendMessageInternal (ServerCallImpl.java:167)
    io.grpc.internal.ServerCallImpl.sendMessage (ServerCallImpl.java:152)
    io.grpc.stub.ServerCalls$ServerCallStreamObserverImpl.onNext (ServerCalls.java:380)
    resolver_sim.server.grpc$unary_handler$reify__15346.invoke (grpc.clj:185)
    io.grpc.stub.ServerCalls$UnaryServerCallHandler$UnaryServerCallListener.onHalfClose (ServerCalls.java:182)
    io.grpc.internal.ServerCallImpl$ServerStreamListenerImpl.halfClosed (ServerCallImpl.java:356)
    io.grpc.internal.ServerImpl$JumpToApplicationThreadServerStreamListener$1HalfClosed.runInContext (ServerImpl.java:861)
    io.grpc.internal.ContextRunnable.run (ContextRunnable.java:37)
    io.grpc.internal.SerializingExecutor.run (SerializingExecutor.java:133)
    java.util.concurrent.ThreadPoolExecutor.runWorker (ThreadPoolExecutor.java:1144)
    java.util.concurrent.ThreadPoolExecutor$Worker.run (ThreadPoolExecutor.java:642)
    java.lang.Thread.run (Thread.java:1583)
{:ts "2026-07-03T12:37:58.705929674Z", :level :warn, :message "capture-event-evidence! called without :ctx/run-id in attribution — evidence will be orphaned", :context {:resolved-attr {:ctx/run-id nil, :ctx/event-index 0, :ctx/event-type "register_stake", :subject/type :resolver, :subject/id "0xresolver", :action/type :stake/register, :evidence/reason :stake-registered}}}
Captured event evidence: stake-registered hash: 0f8f55c8587cda25856b5bd6dde6af4b864848a202ff6c0531d82c52e270c6bb
{:ts "2026-07-03T12:37:58.721893134Z", :level :warn, :message "capture-event-evidence! called without :ctx/run-id in attribution — evidence will be orphaned", :context {:resolved-attr {:ctx/run-id nil, :ctx/event-index 1, :ctx/event-type "create_escrow", :subject/type :escrow, :subject/id 0, :action/type :escrow/create, :evidence/reason :escrow-created}}}
Captured event evidence: escrow-created hash: aff6e2fb60d41074cc12dc845b525e08348e36dd9c833ac1618b023b20b601db
{:ts "2026-07-03T12:37:58.739704940Z", :level :error, :message "dispatch exception", :context {:error "No escrow-transfer found; cannot apply transition", :scenario-step 2, :action "raise_dispute", :ctx/scenario-id nil, :ctx/run-id nil, :ctx/event-index 2, :ctx/event-type "raise_dispute"}}
clojure.lang.ExceptionInfo: No escrow-transfer found; cannot apply transition {:workflow-id "0", :f "#object[clojure.core$assoc__5500 0x94f03cf \"clojure.core$assoc__5500@94f03cf\"]", :args (:escrow-state :disputed)}
	at resolver_sim.protocols.sew.state_machine$update_transfer.invokeStatic(state_machine.clj:79)
	at resolver_sim.protocols.sew.state_machine$update_transfer.doInvoke(state_machine.clj:73)
	at clojure.lang.RestFn.invoke(RestFn.java:497)
	at resolver_sim.protocols.sew.state_machine$set_escrow_state.invokeStatic(state_machine.clj:92)
	at resolver_sim.protocols.sew.state_machine$set_escrow_state.invoke(state_machine.clj:84)
	at resolver_sim.protocols.sew.state_machine$execute_transition.invokeStatic(state_machine.clj:281)
	at resolver_sim.protocols.sew.state_machine$execute_transition.invoke(state_machine.clj:265)
	at resolver_sim.protocols.sew.state_machine$transition_to_disputed.invokeStatic(state_machine.clj:293)
	at resolver_sim.protocols.sew.state_machine$transition_to_disputed.invoke(state_machine.clj:290)
	at resolver_sim.protocols.sew.lifecycle$raise_dispute.invokeStatic(lifecycle.clj:422)
	at resolver_sim.protocols.sew.lifecycle$raise_dispute.invoke(lifecycle.clj:413)
	at resolver_sim.protocols.sew$eval14721$fn__14723$fn__14725.invoke(sew.clj:254)
	at resolver_sim.protocols.common.action_context$with_resolved_actor_and_check$fn__14630.invoke(action_context.clj:47)
	at resolver_sim.protocols.common.action_context$with_resolved_actor.invokeStatic(action_context.clj:29)
	at resolver_sim.protocols.common.action_context$with_resolved_actor.invoke(action_context.clj:15)
	at resolver_sim.protocols.common.action_context$with_resolved_actor_and_check.invokeStatic(action_context.clj:42)
	at resolver_sim.protocols.common.action_context$with_resolved_actor_and_check.invoke(action_context.clj:31)
	at resolver_sim.protocols.sew.action_context$with_resolved_actor_and_unpaused.invokeStatic(action_context.clj:37)
	at resolver_sim.protocols.sew.action_context$with_resolved_actor_and_unpaused.invoke(action_context.clj:34)
	at resolver_sim.protocols.sew$eval14721$fn__14723.invoke(sew.clj:251)
	at clojure.lang.MultiFn.invoke(MultiFn.java:239)
	at resolver_sim.protocols.sew.SewProtocol.dispatch_action(sew.clj:945)
	at resolver_sim.contract_model.replay.execution$apply_action_with_evidence.invokeStatic(execution.clj:34)
	at resolver_sim.contract_model.replay.execution$apply_action_with_evidence.invoke(execution.clj:20)
	at resolver_sim.contract_model.replay.execution$process_step$fn__5136.invoke(execution.clj:282)
	at resolver_sim.contract_model.replay.execution$process_step.invokeStatic(execution.clj:276)
	at resolver_sim.contract_model.replay.execution$process_step.invoke(execution.clj:222)
	at resolver_sim.server.session$step_session_BANG_$fn__15301.invoke(session.clj:127)
	at resolver_sim.server.session$with_lock.invokeStatic(session.clj:52)
	at resolver_sim.server.session$with_lock.invoke(session.clj:49)
	at resolver_sim.server.session$step_session_BANG_.invokeStatic(session.clj:118)
	at resolver_sim.server.session$step_session_BANG_.invoke(session.clj:113)
	at resolver_sim.server.grpc$handle_step.invokeStatic(grpc.clj:103)
	at resolver_sim.server.grpc$handle_step.invoke(grpc.clj:97)
	at resolver_sim.server.grpc$unary_handler$reify__15346.invoke(grpc.clj:184)
	at io.grpc.stub.ServerCalls$UnaryServerCallHandler$UnaryServerCallListener.onHalfClose(ServerCalls.java:182)
	at io.grpc.internal.ServerCallImpl$ServerStreamListenerImpl.halfClosed(ServerCallImpl.java:356)
	at io.grpc.internal.ServerImpl$JumpToApplicationThreadServerStreamListener$1HalfClosed.runInContext(ServerImpl.java:861)
	at io.grpc.internal.ContextRunnable.run(ContextRunnable.java:37)
	at io.grpc.internal.SerializingExecutor.run(SerializingExecutor.java:133)
	at java.base/java.util.concurrent.ThreadPoolExecutor.runWorker(ThreadPoolExecutor.java:1144)
	at java.base/java.util.concurrent.ThreadPoolExecutor$Worker.run(ThreadPoolExecutor.java:642)
	at java.base/java.lang.Thread.run(Thread.java:1583)
{:ts "2026-07-03T12:37:58.751857953Z", :level :debug, :message "guard/rejected", :context {:escrow-state :pending, :workflow-id "0", :error :transfer-not-in-dispute, :ctx/scenario-id nil, :ctx/run-id nil, :ctx/event-index 3, :ctx/event-type "execute_resolution"}}
{:ts "2026-07-03T12:37:58.752179368Z", :level :warn, :message "capture-event-evidence! called without :ctx/run-id in attribution — evidence will be orphaned", :context {:resolved-attr {:world-before nil, :world-after nil}}}
Captured event evidence: guard-rejected hash: cfc739b7d6f90c249b544728ce16ce88f2348990834b0475f06bbfdeb836c37f
{:ts "2026-07-03T12:37:58.759400769Z", :level :warn, :message "capture-event-evidence! called without :ctx/run-id in attribution — evidence will be orphaned", :context {:resolved-attr {:ctx/run-id nil, :ctx/event-index 4, :ctx/event-type "propose_fraud_slash", :subject/type :resolver, :subject/id "0xresolver", :action/type :slash/propose-rejected, :evidence/reason :workflow-not-slashable}}}
Captured event evidence: fraud-slash-rejected hash: e8effee2cf5254abf234621c9e880029b1e8b8952763ee3468a897e3fc6bd5d7
{:ts "2026-07-03T12:37:58.772740893Z", :level :error, :message "grpc/internal-error", :context {:error "Don't know how to write JSON of class resolver_sim.yield.modules.liquid_lending$deposit"}}
[grpc] Internal Simulation Error: Don't know how to write JSON of class resolver_sim.yield.modules.liquid_lending$deposit
java.lang.Exception: Don't know how to write JSON of class resolver_sim.yield.modules.liquid_lending$deposit
 at clojure.data.json$write_generic.invokeStatic (json.clj:599)
    clojure.data.json$write_generic.invoke (json.clj:596)
    clojure.data.json$eval241$fn__242$G__232__251.invoke (json.clj:424)
    clojure.data.json$write_object.invokeStatic (json.clj:517)
    clojure.data.json$write_object.invoke (json.clj:490)
    clojure.data.json$eval241$fn__242$G__232__251.invoke (json.clj:424)
    clojure.data.json$write_object.invokeStatic (json.clj:517)
    clojure.data.json$write_object.invoke (json.clj:490)
    clojure.data.json$eval241$fn__242$G__232__251.invoke (json.clj:424)
    clojure.data.json$write_object.invokeStatic (json.clj:517)
    clojure.data.json$write_object.invoke (json.clj:490)
    clojure.data.json$eval241$fn__242$G__232__251.invoke (json.clj:424)
    clojure.data.json$write_object.invokeStatic (json.clj:517)
    clojure.data.json$write_object.invoke (json.clj:490)
    clojure.data.json$eval241$fn__242$G__232__251.invoke (json.clj:424)
    clojure.data.json$write_object.invokeStatic (json.clj:517)
    clojure.data.json$write_object.invoke (json.clj:490)
    clojure.data.json$eval241$fn__242$G__232__251.invoke (json.clj:424)
    clojure.data.json$write_str.invokeStatic (json.clj:708)
    clojure.data.json$write_str.doInvoke (json.clj:703)
    clojure.lang.RestFn.invoke (RestFn.java:489)
    resolver_sim.server.grpc$json_marshaller$reify__15329.stream (grpc.clj:59)
    io.grpc.MethodDescriptor.streamResponse (MethodDescriptor.java:319)
    io.grpc.internal.ServerCallImpl.sendMessageInternal (ServerCallImpl.java:167)
    io.grpc.internal.ServerCallImpl.sendMessage (ServerCallImpl.java:152)
    io.grpc.stub.ServerCalls$ServerCallStreamObserverImpl.onNext (ServerCalls.java:380)
    resolver_sim.server.grpc$unary_handler$reify__15346.invoke (grpc.clj:185)
    io.grpc.stub.ServerCalls$UnaryServerCallHandler$UnaryServerCallListener.onHalfClose (ServerCalls.java:182)
    io.grpc.internal.ServerCallImpl$ServerStreamListenerImpl.halfClosed (ServerCallImpl.java:356)
    io.grpc.internal.ServerImpl$JumpToApplicationThreadServerStreamListener$1HalfClosed.runInContext (ServerImpl.java:861)
    io.grpc.internal.ContextRunnable.run (ContextRunnable.java:37)
    io.grpc.internal.SerializingExecutor.run (SerializingExecutor.java:133)
    java.util.concurrent.ThreadPoolExecutor.runWorker (ThreadPoolExecutor.java:1144)
    java.util.concurrent.ThreadPoolExecutor$Worker.run (ThreadPoolExecutor.java:642)
    java.lang.