Starting Clerk notebook server on http://localhost:7777/notebooks/xtdb_overview
Clerk webserver started on http://localhost:7777 ...
Starting new watcher for paths ["notebooks"]
SLF4J: Failed to load class "org.slf4j.impl.StaticLoggerBinder".
SLF4J: Defaulting to no-operation (NOP) logger implementation
SLF4J: See http://www.slf4j.org/codes.html#StaticLoggerBinder for further details.
Clerk evaluated 'jar:file:/home/user/Code/sew-simulation/sew-simulation.jar!/nextjournal/clerk/home.clj' in 516.067594ms.
Clerk evaluated 'notebooks/workbench_production.clj' in 1096.610537ms.
Clerk evaluated 'notebooks/xtdb_overview.clj' in 2781.200018ms.
Clerk evaluated 'notebooks/invariant_failures.clj' in 369.338687ms.
Clerk evaluated 'notebooks/telemetry.clj' in 270.508819ms.
Clerk evaluated 'notebooks/report.clj' in 873.458867ms.
Clerk evaluated 'notebooks/workbench_production.clj' in 133.884657ms.
Clerk evaluated 'notebooks/golden_artifact.clj' in 92.014229ms.
Clerk evaluated 'notebooks/atlas_artifact.clj' in 131.791967ms.
Clerk evaluated 'notebooks/dispute_artifact.clj' in 147.423286ms.
Clerk evaluated 'notebooks/collusion_artifact.clj' in 70.146639ms.
Clerk evaluated 'notebooks/game_theory_artifact.clj' in 72.396088ms.
Clerk evaluated 'notebooks/economic_artifact.clj' in 55.753226ms.
Clerk evaluated 'notebooks/hardening_artifact.clj' in 58.828484ms.
Clerk evaluated 'notebooks/evidence_drawer.clj' in 85.65331ms.
Clerk evaluated 'notebooks/evidence_explorer.clj' in 105.424795ms.
Clerk evaluated 'notebooks/challenge_drilldown.clj' in 102.085972ms.
Clerk evaluated 'notebooks/workbench_production.clj' in 87.450412ms.
Clerk evaluated 'notebooks/dispute_resolution.clj' in 2611.13689ms.
Clerk evaluated 'notebooks/workbench_production.clj' in 105.014472ms.
Clerk evaluated 'notebooks/workbench_production.clj' in 53.715653ms.
Clerk evaluated 'notebooks/workbench_production.clj' in 66.418806ms.
Clerk evaluated 'notebooks/workbench_production.clj' in 80.107568ms.
Clerk evaluated 'notebooks/workbench_production.clj' in 76.988102ms.
Clerk evaluated 'notebooks/workbench_production.clj' in 202.935797ms.
Clerk evaluated 'notebooks/collusion_artifact.clj' in 77.301166ms.
Clerk evaluated 'notebooks/economic_artifact.clj' in 65.143311ms.
Clerk encountered an error evaluating 'notebooks/dispute_resolution.clj' after 601.115879ms.
Clerk encountered an error evaluating 'notebooks/report.clj' after 197.245441ms.
Clerk evaluated 'notebooks/workbench_production.clj' in 197.352034ms.
Clerk evaluated 'notebooks/workbench_production.clj' in 89.504253ms.
Clerk evaluated 'notebooks/workbench.clj' in 195.171541ms.
Clerk evaluated 'notebooks/workbench.clj' in 156.743498ms.
Clerk evaluated 'notebooks/workbench-v2.clj' in 90.753883ms.
Clerk evaluated 'notebooks/workbench-v2.clj' in 131.064851ms.
Clerk evaluated 'notebooks/challenge_drilldown.clj' in 63.292979ms.
Clerk evaluated 'notebooks/workbench_production.clj' in 226.389933ms.
Clerk evaluated 'notebooks/workbench_production.clj' in 75.536444ms.
Clerk evaluated 'notebooks/workbench_production.clj' in 84.606964ms.
Clerk evaluated 'notebooks/workbench-v2.clj' in 131.853255ms.
Clerk evaluated 'notebooks/workbench-v2.clj' in 108.23398ms.
Clerk evaluated 'notebooks/workbench-v2.clj' in 85.297573ms.
Clerk evaluated 'notebooks/workbench.clj' in 113.238101ms.
Clerk evaluated 'notebooks/workbench.clj' in 101.153455ms.
Clerk evaluated 'notebooks/workbench.clj' in 151.333746ms.
Clerk evaluated 'notebooks/workbench.clj' in 119.701691ms.
Clerk evaluated 'notebooks/workbench.clj' in 181.752185ms.
Clerk evaluated 'notebooks/workbench.clj' in 121.456745ms.
Clerk evaluated 'notebooks/workbench-v2.clj' in 111.29439ms.
Clerk evaluated 'notebooks/workbench-v2.clj' in 103.211931ms.
Clerk encountered an error evaluating 'notebooks/report.clj' after 240.653881ms.
Clerk evaluated 'notebooks/telemetry.clj' in 180.253993ms.
Clerk encountered an error evaluating 'notebooks/dispute_resolution.clj' after 766.013523ms.
Clerk encountered an error evaluating 'notebooks/dispute_resolution.clj' after 402.231766ms.
Clerk encountered an error evaluating 'notebooks/dispute_resolution.clj' after 499.118003ms.
WARN: load-all-golden-reports failed: Attempting to call unbound fn: #'resolver-sim.notebooks.speds.data/load-all-golden-reports
Clerk encountered an error evaluating 'notebooks/dispute_resolution.clj' after 669.554995ms.
Clerk encountered an error evaluating 'notebooks/dispute_resolution.clj' after 757.175616ms.
Clerk encountered an error evaluating 'notebooks/dispute_resolution.clj' after 381.978056ms.
Clerk encountered an error evaluating 'notebooks/dispute_resolution.clj' after 319.823817ms.
Clerk encountered an error evaluating 'notebooks/dispute_resolution.clj' after 351.415558ms.
Clerk encountered an error evaluating 'notebooks/dispute_resolution.clj' after 395.316305ms.
Load failed: Attempting to call unbound fn: #'resolver-sim.notebooks.speds.data/load-all-golden-reports
Clerk encountered an error evaluating 'notebooks/dispute_resolution.clj' after 398.256636ms.
Clerk encountered an error evaluating 'notebooks/dispute_resolution.clj' after 464.695805ms.
Clerk encountered an error evaluating 'notebooks/dispute_resolution.clj' after 324.77201ms.
Clerk encountered an error evaluating 'notebooks/dispute_resolution.clj' after 444.933308ms.
Clerk encountered an error evaluating 'notebooks/dispute_resolution.clj' after 357.795747ms.
Clerk evaluated 'notebooks/dispute_resolution.clj' in 1201.195056ms.
Clerk evaluated 'notebooks/dispute_resolution.clj' in 753.394583ms.
Clerk evaluated 'notebooks/dispute_resolution.clj' in 704.10571ms.
Clerk evaluated 'notebooks/dispute_resolution.clj' in 675.829282ms.
Clerk evaluated 'notebooks/dispute_resolution.clj' in 737.28243ms.
Clerk evaluated 'notebooks/workbench-v2.clj' in 105.516514ms.
Clerk evaluated 'notebooks/workbench-v2.clj' in 99.761092ms.
Clerk evaluated 'notebooks/golden_artifact.clj' in 167.070663ms.
Clerk evaluated 'notebooks/golden_artifact.clj' in 79.512332ms.
Clerk evaluated 'notebooks/dispute_artifact.clj' in 70.30227ms.
Clerk evaluated 'notebooks/dispute_artifact.clj' in 70.158066ms.
Clerk evaluated 'notebooks/collusion_artifact.clj' in 60.947422ms.
Clerk evaluated 'notebooks/collusion_artifact.clj' in 57.713005ms.
Clerk evaluated 'notebooks/economic_artifact.clj' in 54.264528ms.
Clerk evaluated 'notebooks/economic_artifact.clj' in 68.256803ms.
Clerk evaluated 'notebooks/economic_artifact.clj' in 57.655204ms.
Clerk evaluated 'notebooks/workbench-v2.clj' in 521.59686ms.
Clerk evaluated 'notebooks/workbench-v2.clj' in 183.466303ms.
Clerk evaluated 'notebooks/workbench_production.clj' in 144.44432ms.
Clerk evaluated 'notebooks/workbench_production.clj' in 111.276145ms.
Clerk evaluated 'notebooks/workbench_production.clj' in 123.676305ms.
Clerk evaluated 'notebooks/workbench_production.clj' in 170.697614ms.
Clerk evaluated 'notebooks/workbench_production.clj' in 224.579575ms.
Clerk evaluated 'notebooks/workbench_production.clj' in 105.607538ms.
Clerk evaluated 'notebooks/workbench_production.clj' in 288.754092ms.
Clerk evaluated 'notebooks/workbench_production.clj' in 100.216882ms.
Clerk evaluated 'notebooks/workbench_production.clj' in 174.169186ms.
Clerk evaluated 'notebooks/workbench_production.clj' in 130.087832ms.
Clerk evaluated 'notebooks/workbench_production.clj' in 140.854214ms.
Clerk evaluated 'notebooks/workbench_production.clj' in 121.091739ms.
Clerk evaluated 'notebooks/1779832172299-telemetry.clj' in 1590.186429ms.
Clerk evaluated 'notebooks/telemetry.clj' in 691.268538ms.
Clerk encountered an error evaluating 'notebooks/1779866459315-workbench-v2.clj' after 177.222787ms.
Clerk encountered an error evaluating 'notebooks/workbench-v2.clj' after 90.402784ms.
Clerk encountered an error evaluating 'notebooks/workbench-v2.clj' after 66.851496ms.
Clerk encountered an error evaluating 'notebooks/workbench-v2.clj' after 65.329605ms.
Clerk encountered an error evaluating 'notebooks/workbench-v2.clj' after 68.003608ms.
Clerk encountered an error evaluating 'notebooks/workbench-v2.clj' after 245.843532ms.
Clerk encountered an error evaluating 'notebooks/workbench_v2.clj' after 190.706551ms.
Clerk evaluated 'notebooks/1779870268733-workbench_v2.clj' in 143.104288ms.
Clerk evaluated 'notebooks/workbench_v2.clj' in 77.883136ms.
Clerk evaluated 'notebooks/workbench_v2.clj' in 59.110228ms.
Clerk evaluated 'notebooks/workbench_v2.clj' in 60.193552ms.
Clerk evaluated 'notebooks/1779870858917-workbench_v2.clj' in 94.895587ms.
Clerk evaluated 'notebooks/workbench_v2.clj' in 85.833824ms.
